{"/home/travis/build/npmtest/node-npmtest-kefir/test.js":{"path":"/home/travis/build/npmtest/node-npmtest-kefir/test.js","s":{"1":2,"2":2,"3":2,"4":2,"5":2,"6":2,"7":2,"8":1,"9":2,"10":2,"11":1,"12":1,"13":1,"14":1,"15":2,"16":2,"17":2,"18":2,"19":1,"20":1,"21":2,"22":2,"23":2,"24":1,"25":1,"26":1,"27":1,"28":1,"29":1,"30":1,"31":1,"32":1,"33":1,"34":1,"35":1,"36":1,"37":1,"38":1,"39":2,"40":2,"41":1,"42":2,"43":2,"44":1,"45":2,"46":2,"47":1,"48":2,"49":2,"50":1,"51":1,"52":1,"53":1,"54":1},"b":{"1":[2,1,1,1],"2":[1,1,1,1],"3":[1,1],"4":[1,1],"5":[1,1],"6":[1,1],"7":[1,1],"8":[1,1],"9":[1,1],"10":[1,1,1],"11":[1,1],"12":[1,1],"13":[1,1],"14":[1,1],"15":[1,1],"16":[1,1],"17":[1,1]},"f":{"1":2,"2":2,"3":2,"4":2,"5":2,"6":1,"7":1,"8":1,"9":2,"10":2,"11":2,"12":2,"13":1},"fnMap":{"1":{"name":"(anonymous_1)","line":12,"loc":{"start":{"line":12,"column":1},"end":{"line":12,"column":13}}},"2":{"name":"(anonymous_2)","line":19,"loc":{"start":{"line":19,"column":5},"end":{"line":19,"column":17}}},"3":{"name":"(anonymous_3)","line":23,"loc":{"start":{"line":23,"column":24},"end":{"line":23,"column":36}}},"4":{"name":"(anonymous_4)","line":61,"loc":{"start":{"line":61,"column":5},"end":{"line":61,"column":17}}},"5":{"name":"(anonymous_5)","line":82,"loc":{"start":{"line":82,"column":5},"end":{"line":82,"column":17}}},"6":{"name":"(anonymous_6)","line":91,"loc":{"start":{"line":91,"column":77},"end":{"line":94,"column":10}}},"7":{"name":"(anonymous_7)","line":112,"loc":{"start":{"line":112,"column":83},"end":{"line":115,"column":10}},"skip":true},"8":{"name":"(anonymous_8)","line":123,"loc":{"start":{"line":123,"column":77},"end":{"line":126,"column":10}},"skip":true},"9":{"name":"(anonymous_9)","line":139,"loc":{"start":{"line":139,"column":12},"end":{"line":139,"column":40}},"skip":true},"10":{"name":"(anonymous_10)","line":147,"loc":{"start":{"line":147,"column":77},"end":{"line":150,"column":10}},"skip":true},"11":{"name":"(anonymous_11)","line":158,"loc":{"start":{"line":158,"column":83},"end":{"line":161,"column":10}},"skip":true},"12":{"name":"(anonymous_12)","line":169,"loc":{"start":{"line":169,"column":79},"end":{"line":172,"column":10}},"skip":true},"13":{"name":"(anonymous_13)","line":180,"loc":{"start":{"line":180,"column":75},"end":{"line":183,"column":10}},"skip":true}},"statementMap":{"1":{"start":{"line":12,"column":0},"end":{"line":195,"column":5}},"2":{"start":{"line":14,"column":4},"end":{"line":14,"column":14}},"3":{"start":{"line":19,"column":4},"end":{"line":56,"column":9}},"4":{"start":{"line":21,"column":8},"end":{"line":21,"column":19}},"5":{"start":{"line":23,"column":8},"end":{"line":35,"column":13}},"6":{"start":{"line":24,"column":12},"end":{"line":34,"column":13}},"7":{"start":{"line":25,"column":16},"end":{"line":28,"column":30}},"8":{"start":{"line":30,"column":16},"end":{"line":33,"column":27}},"9":{"start":{"line":37,"column":8},"end":{"line":39,"column":21}},"10":{"start":{"line":40,"column":8},"end":{"line":53,"column":9}},"11":{"start":{"line":43,"column":12},"end":{"line":46,"column":14}},"12":{"start":{"line":47,"column":12},"end":{"line":47,"column":18}},"13":{"start":{"line":50,"column":12},"end":{"line":51,"column":33}},"14":{"start":{"line":52,"column":12},"end":{"line":52,"column":18}},"15":{"start":{"line":55,"column":8},"end":{"line":55,"column":35}},"16":{"start":{"line":61,"column":4},"end":{"line":63,"column":9}},"17":{"start":{"line":62,"column":8},"end":{"line":62,"column":15}},"18":{"start":{"line":64,"column":4},"end":{"line":77,"column":5}},"19":{"start":{"line":70,"column":8},"end":{"line":70,"column":14}},"20":{"start":{"line":76,"column":8},"end":{"line":76,"column":14}},"21":{"start":{"line":82,"column":4},"end":{"line":84,"column":9}},"22":{"start":{"line":83,"column":8},"end":{"line":83,"column":15}},"23":{"start":{"line":85,"column":4},"end":{"line":194,"column":5}},"24":{"start":{"line":91,"column":8},"end":{"line":99,"column":10}},"25":{"start":{"line":98,"column":12},"end":{"line":98,"column":35}},"26":{"start":{"line":102,"column":8},"end":{"line":104,"column":63}},"27":{"start":{"line":105,"column":8},"end":{"line":105,"column":14}},"28":{"start":{"line":112,"column":8},"end":{"line":121,"column":10},"skip":true},"29":{"start":{"line":119,"column":12},"end":{"line":119,"column":55},"skip":true},"30":{"start":{"line":120,"column":12},"end":{"line":120,"column":48},"skip":true},"31":{"start":{"line":123,"column":8},"end":{"line":136,"column":10},"skip":true},"32":{"start":{"line":130,"column":12},"end":{"line":130,"column":76},"skip":true},"33":{"start":{"line":131,"column":12},"end":{"line":131,"column":73},"skip":true},"34":{"start":{"line":132,"column":12},"end":{"line":132,"column":74},"skip":true},"35":{"start":{"line":133,"column":12},"end":{"line":133,"column":79},"skip":true},"36":{"start":{"line":134,"column":12},"end":{"line":134,"column":25},"skip":true},"37":{"start":{"line":135,"column":12},"end":{"line":135,"column":45},"skip":true},"38":{"start":{"line":138,"column":8},"end":{"line":145,"column":14},"skip":true},"39":{"start":{"line":143,"column":16},"end":{"line":143,"column":29},"skip":true},"40":{"start":{"line":144,"column":16},"end":{"line":144,"column":55},"skip":true},"41":{"start":{"line":147,"column":8},"end":{"line":156,"column":10},"skip":true},"42":{"start":{"line":154,"column":12},"end":{"line":154,"column":25},"skip":true},"43":{"start":{"line":155,"column":12},"end":{"line":155,"column":45},"skip":true},"44":{"start":{"line":158,"column":8},"end":{"line":167,"column":10},"skip":true},"45":{"start":{"line":165,"column":12},"end":{"line":165,"column":25},"skip":true},"46":{"start":{"line":166,"column":12},"end":{"line":166,"column":48},"skip":true},"47":{"start":{"line":169,"column":8},"end":{"line":178,"column":10},"skip":true},"48":{"start":{"line":176,"column":12},"end":{"line":176,"column":25},"skip":true},"49":{"start":{"line":177,"column":12},"end":{"line":177,"column":46},"skip":true},"50":{"start":{"line":180,"column":8},"end":{"line":189,"column":10},"skip":true},"51":{"start":{"line":187,"column":12},"end":{"line":187,"column":94},"skip":true},"52":{"start":{"line":188,"column":12},"end":{"line":188,"column":48},"skip":true},"53":{"start":{"line":192,"column":8},"end":{"line":192,"column":35},"skip":true},"54":{"start":{"line":193,"column":8},"end":{"line":193,"column":14},"skip":true}},"branchMap":{"1":{"line":25,"type":"binary-expr","locations":[{"start":{"line":25,"column":23},"end":{"line":25,"column":62}},{"start":{"line":26,"column":20},"end":{"line":26,"column":70}},{"start":{"line":27,"column":20},"end":{"line":27,"column":71}},{"start":{"line":28,"column":20},"end":{"line":28,"column":29}}]},"2":{"line":30,"type":"binary-expr","locations":[{"start":{"line":30,"column":23},"end":{"line":30,"column":37}},{"start":{"line":31,"column":20},"end":{"line":31,"column":61}},{"start":{"line":32,"column":20},"end":{"line":32,"column":70}},{"start":{"line":33,"column":20},"end":{"line":33,"column":26}}]},"3":{"line":37,"type":"cond-expr","locations":[{"start":{"line":38,"column":14},"end":{"line":38,"column":20}},{"start":{"line":39,"column":14},"end":{"line":39,"column":20}}]},"4":{"line":40,"type":"switch","locations":[{"start":{"line":42,"column":8},"end":{"line":47,"column":18}},{"start":{"line":49,"column":8},"end":{"line":52,"column":18}}]},"5":{"line":44,"type":"binary-expr","locations":[{"start":{"line":44,"column":16},"end":{"line":44,"column":44}},{"start":{"line":44,"column":48},"end":{"line":44,"column":66}}]},"6":{"line":50,"type":"binary-expr","locations":[{"start":{"line":50,"column":21},"end":{"line":50,"column":49}},{"start":{"line":50,"column":53},"end":{"line":50,"column":72}}]},"7":{"line":64,"type":"switch","locations":[{"start":{"line":69,"column":4},"end":{"line":70,"column":14}},{"start":{"line":75,"column":4},"end":{"line":76,"column":14}}]},"8":{"line":85,"type":"switch","locations":[{"start":{"line":90,"column":4},"end":{"line":105,"column":14}},{"start":{"line":111,"column":4},"end":{"line":193,"column":14},"skip":true}]},"9":{"line":91,"type":"binary-expr","locations":[{"start":{"line":91,"column":42},"end":{"line":91,"column":73}},{"start":{"line":91,"column":77},"end":{"line":99,"column":9}}]},"10":{"line":102,"type":"binary-expr","locations":[{"start":{"line":102,"column":18},"end":{"line":102,"column":32}},{"start":{"line":103,"column":12},"end":{"line":103,"column":53}},{"start":{"line":104,"column":12},"end":{"line":104,"column":61}}]},"11":{"line":112,"type":"binary-expr","locations":[{"start":{"line":112,"column":45},"end":{"line":112,"column":79},"skip":true},{"start":{"line":112,"column":83},"end":{"line":121,"column":9},"skip":true}]},"12":{"line":123,"type":"binary-expr","locations":[{"start":{"line":123,"column":42},"end":{"line":123,"column":73},"skip":true},{"start":{"line":123,"column":77},"end":{"line":136,"column":9},"skip":true}]},"13":{"line":138,"type":"binary-expr","locations":[{"start":{"line":138,"column":48},"end":{"line":138,"column":85},"skip":true},{"start":{"line":139,"column":12},"end":{"line":145,"column":13},"skip":true}]},"14":{"line":147,"type":"binary-expr","locations":[{"start":{"line":147,"column":42},"end":{"line":147,"column":73},"skip":true},{"start":{"line":147,"column":77},"end":{"line":156,"column":9},"skip":true}]},"15":{"line":158,"type":"binary-expr","locations":[{"start":{"line":158,"column":45},"end":{"line":158,"column":79},"skip":true},{"start":{"line":158,"column":83},"end":{"line":167,"column":9},"skip":true}]},"16":{"line":169,"type":"binary-expr","locations":[{"start":{"line":169,"column":43},"end":{"line":169,"column":75},"skip":true},{"start":{"line":169,"column":79},"end":{"line":178,"column":9},"skip":true}]},"17":{"line":180,"type":"binary-expr","locations":[{"start":{"line":180,"column":41},"end":{"line":180,"column":71},"skip":true},{"start":{"line":180,"column":75},"end":{"line":189,"column":9},"skip":true}]}},"code":["/* istanbul instrument in package npmtest_kefir */","/*jslint","    bitwise: true,","    browser: true,","    maxerr: 8,","    maxlen: 96,","    node: true,","    nomen: true,","    regexp: true,","    stupid: true","*/","(function () {","    'use strict';","    var local;","","","","    // run shared js-env code - pre-init","    (function () {","        // init local","        local = {};","        // init modeJs","        local.modeJs = (function () {","            try {","                return typeof navigator.userAgent === 'string' &&","                    typeof document.querySelector('body') === 'object' &&","                    typeof XMLHttpRequest.prototype.open === 'function' &&","                    'browser';","            } catch (errorCaughtBrowser) {","                return module.exports &&","                    typeof process.versions.node === 'string' &&","                    typeof require('http').createServer === 'function' &&","                    'node';","            }","        }());","        // init global","        local.global = local.modeJs === 'browser'","            ? window","            : global;","        switch (local.modeJs) {","        // re-init local from window.local","        case 'browser':","            local = local.global.utility2.objectSetDefault(","                local.global.utility2_rollup || local.global.local,","                local.global.utility2","            );","            break;","        // re-init local from example.js","        case 'node':","            local = (local.global.utility2_rollup || require('utility2'))","                .requireReadme();","            break;","        }","        // export local","        local.global.local = local;","    }());","","","","    // run shared js-env code - function","    (function () {","        return;","    }());","    switch (local.modeJs) {","","","","    // run browser js-env code - function","    case 'browser':","        break;","","","","    // run node js-env code - function","    case 'node':","        break;","    }","","","","    // run shared js-env code - post-init","    (function () {","        return;","    }());","    switch (local.modeJs) {","","","","    // run browser js-env code - post-init","    case 'browser':","        local.testCase_browser_nullCase = local.testCase_browser_nullCase || function (","            options,","            onError","        ) {","        /*","         * this function will test browsers's null-case handling-behavior-behavior","         */","            onError(null, options);","        };","","        // run tests","        local.nop(local.modeTest &&","            document.querySelector('#testRunButton1') &&","            document.querySelector('#testRunButton1').click());","        break;","","","","    // run node js-env code - post-init","    /* istanbul ignore next */","    case 'node':","        local.testCase_buildApidoc_default = local.testCase_buildApidoc_default || function (","            options,","            onError","        ) {","        /*","         * this function will test buildApidoc's default handling-behavior-behavior","         */","            options = { modulePathList: module.paths };","            local.buildApidoc(options, onError);","        };","","        local.testCase_buildApp_default = local.testCase_buildApp_default || function (","            options,","            onError","        ) {","        /*","         * this function will test buildApp's default handling-behavior-behavior","         */","            local.testCase_buildReadme_default(options, local.onErrorThrow);","            local.testCase_buildLib_default(options, local.onErrorThrow);","            local.testCase_buildTest_default(options, local.onErrorThrow);","            local.testCase_buildCustomOrg_default(options, local.onErrorThrow);","            options = [];","            local.buildApp(options, onError);","        };","","        local.testCase_buildCustomOrg_default = local.testCase_buildCustomOrg_default ||","            function (options, onError) {","            /*","             * this function will test buildCustomOrg's default handling-behavior","             */","                options = {};","                local.buildCustomOrg(options, onError);","            };","","        local.testCase_buildLib_default = local.testCase_buildLib_default || function (","            options,","            onError","        ) {","        /*","         * this function will test buildLib's default handling-behavior","         */","            options = {};","            local.buildLib(options, onError);","        };","","        local.testCase_buildReadme_default = local.testCase_buildReadme_default || function (","            options,","            onError","        ) {","        /*","         * this function will test buildReadme's default handling-behavior-behavior","         */","            options = {};","            local.buildReadme(options, onError);","        };","","        local.testCase_buildTest_default = local.testCase_buildTest_default || function (","            options,","            onError","        ) {","        /*","         * this function will test buildTest's default handling-behavior","         */","            options = {};","            local.buildTest(options, onError);","        };","","        local.testCase_webpage_default = local.testCase_webpage_default || function (","            options,","            onError","        ) {","        /*","         * this function will test webpage's default handling-behavior","         */","            options = { modeCoverageMerge: true, url: local.serverLocalHost + '?modeTest=1' };","            local.browserTest(options, onError);","        };","","        // run test-server","        local.testRunServer(local);","        break;","    }","}());",""],"l":{"12":2,"14":2,"19":2,"21":2,"23":2,"24":2,"25":2,"30":1,"37":2,"40":2,"43":1,"47":1,"50":1,"52":1,"55":2,"61":2,"62":2,"64":2,"70":1,"76":1,"82":2,"83":2,"85":2,"91":1,"98":1,"102":1,"105":1,"112":1,"119":1,"120":1,"123":1,"130":1,"131":1,"132":1,"133":1,"134":1,"135":1,"138":1,"143":2,"144":2,"147":1,"154":2,"155":2,"158":1,"165":2,"166":2,"169":1,"176":2,"177":2,"180":1,"187":1,"188":1,"192":1,"193":1}},"/home/travis/build/npmtest/node-npmtest-kefir/lib.npmtest_kefir.js":{"path":"/home/travis/build/npmtest/node-npmtest-kefir/lib.npmtest_kefir.js","s":{"1":2,"2":2,"3":2,"4":2,"5":2,"6":2,"7":2,"8":1,"9":2,"10":2,"11":2,"12":2,"13":1,"14":1,"15":1,"16":1},"b":{"1":[2,1,1,1],"2":[1,1,1,1],"3":[1,1],"4":[2,2],"5":[1,1]},"f":{"1":2,"2":2,"3":2},"fnMap":{"1":{"name":"(anonymous_1)","line":12,"loc":{"start":{"line":12,"column":1},"end":{"line":12,"column":13}}},"2":{"name":"(anonymous_2)","line":19,"loc":{"start":{"line":19,"column":5},"end":{"line":19,"column":17}}},"3":{"name":"(anonymous_3)","line":23,"loc":{"start":{"line":23,"column":24},"end":{"line":23,"column":36}}}},"statementMap":{"1":{"start":{"line":12,"column":0},"end":{"line":53,"column":5}},"2":{"start":{"line":14,"column":4},"end":{"line":14,"column":14}},"3":{"start":{"line":19,"column":4},"end":{"line":52,"column":9}},"4":{"start":{"line":21,"column":8},"end":{"line":21,"column":19}},"5":{"start":{"line":23,"column":8},"end":{"line":35,"column":13}},"6":{"start":{"line":24,"column":12},"end":{"line":34,"column":13}},"7":{"start":{"line":25,"column":16},"end":{"line":28,"column":30}},"8":{"start":{"line":30,"column":16},"end":{"line":33,"column":27}},"9":{"start":{"line":37,"column":8},"end":{"line":39,"column":21}},"10":{"start":{"line":41,"column":8},"end":{"line":41,"column":54}},"11":{"start":{"line":43,"column":8},"end":{"line":43,"column":50}},"12":{"start":{"line":45,"column":8},"end":{"line":51,"column":9}},"13":{"start":{"line":46,"column":12},"end":{"line":46,"column":56}},"14":{"start":{"line":48,"column":12},"end":{"line":48,"column":35}},"15":{"start":{"line":49,"column":12},"end":{"line":49,"column":49}},"16":{"start":{"line":50,"column":12},"end":{"line":50,"column":43}}},"branchMap":{"1":{"line":25,"type":"binary-expr","locations":[{"start":{"line":25,"column":23},"end":{"line":25,"column":62}},{"start":{"line":26,"column":20},"end":{"line":26,"column":70}},{"start":{"line":27,"column":20},"end":{"line":27,"column":71}},{"start":{"line":28,"column":20},"end":{"line":28,"column":29}}]},"2":{"line":30,"type":"binary-expr","locations":[{"start":{"line":30,"column":23},"end":{"line":30,"column":37}},{"start":{"line":31,"column":20},"end":{"line":31,"column":61}},{"start":{"line":32,"column":20},"end":{"line":32,"column":70}},{"start":{"line":33,"column":20},"end":{"line":33,"column":26}}]},"3":{"line":37,"type":"cond-expr","locations":[{"start":{"line":38,"column":14},"end":{"line":38,"column":20}},{"start":{"line":39,"column":14},"end":{"line":39,"column":20}}]},"4":{"line":41,"type":"binary-expr","locations":[{"start":{"line":41,"column":16},"end":{"line":41,"column":44}},{"start":{"line":41,"column":48},"end":{"line":41,"column":53}}]},"5":{"line":45,"type":"if","locations":[{"start":{"line":45,"column":8},"end":{"line":45,"column":8}},{"start":{"line":45,"column":8},"end":{"line":45,"column":8}}]}},"code":["/* istanbul instrument in package npmtest_kefir */","/*jslint","    bitwise: true,","    browser: true,","    maxerr: 8,","    maxlen: 96,","    node: true,","    nomen: true,","    regexp: true,","    stupid: true","*/","(function () {","    'use strict';","    var local;","","","","    // run shared js-env code - pre-init","    (function () {","        // init local","        local = {};","        // init modeJs","        local.modeJs = (function () {","            try {","                return typeof navigator.userAgent === 'string' &&","                    typeof document.querySelector('body') === 'object' &&","                    typeof XMLHttpRequest.prototype.open === 'function' &&","                    'browser';","            } catch (errorCaughtBrowser) {","                return module.exports &&","                    typeof process.versions.node === 'string' &&","                    typeof require('http').createServer === 'function' &&","                    'node';","            }","        }());","        // init global","        local.global = local.modeJs === 'browser'","            ? window","            : global;","        // init utility2_rollup","        local = local.global.utility2_rollup || local;","        // init lib","        local.local = local.npmtest_kefir = local;","        // init exports","        if (local.modeJs === 'browser') {","            local.global.utility2_npmtest_kefir = local;","        } else {","            module.exports = local;","            module.exports.__dirname = __dirname;","            module.exports.module = module;","        }","    }());","}());",""],"l":{"12":2,"14":2,"19":2,"21":2,"23":2,"24":2,"25":2,"30":1,"37":2,"41":2,"43":2,"45":2,"46":1,"48":1,"49":1,"50":1}},"/home/travis/build/npmtest/node-npmtest-kefir/example.js":{"path":"/home/travis/build/npmtest/node-npmtest-kefir/example.js","s":{"1":2,"2":2,"3":2,"4":2,"5":2,"6":2,"7":2,"8":1,"9":2,"10":2,"11":2,"12":2,"13":1,"14":2,"15":2,"16":2,"17":2,"18":2,"19":0,"20":2,"21":1,"22":1,"23":1,"24":1,"25":1,"26":0,"27":0,"28":1,"29":1,"30":2,"31":0,"32":0,"33":0,"34":1,"35":2,"36":2,"37":3,"38":3,"39":3,"40":3,"41":0,"42":3,"43":3,"44":3,"45":1,"46":3,"47":1,"48":1,"49":1,"50":1,"51":1,"52":1,"53":1,"54":1,"55":1,"56":1,"57":0,"58":1,"59":6,"60":6,"61":1,"62":2,"63":0,"64":2,"65":1,"66":1,"67":0,"68":0,"69":0,"70":0,"71":0,"72":0,"73":0,"74":0,"75":0,"76":0,"77":0,"78":0,"79":0,"80":0,"81":0,"82":0,"83":0},"b":{"1":[2,1,1,1],"2":[1,1,1,1],"3":[1,1],"4":[2,2],"5":[1,1],"6":[1,1],"7":[2,0],"8":[2,1,1,1,1,1],"9":[0,2,0],"10":[1,1],"11":[2,1,1],"12":[1,0],"13":[0,2],"14":[2,0,0,0,0,0,0],"15":[0,3],"16":[3,0],"17":[1,1],"18":[0,1],"19":[1,2,0,2],"20":[1,0],"21":[1,1],"22":[0,0],"23":[0,0],"24":[0,0],"25":[0,0],"26":[0,0],"27":[0,0],"28":[0,0]},"f":{"1":2,"2":2,"3":2,"4":2,"5":2,"6":2,"7":3,"8":3,"9":3,"10":1,"11":6,"12":0},"fnMap":{"1":{"name":"(anonymous_1)","line":26,"loc":{"start":{"line":26,"column":1},"end":{"line":26,"column":13}}},"2":{"name":"(anonymous_2)","line":33,"loc":{"start":{"line":33,"column":5},"end":{"line":33,"column":17}}},"3":{"name":"(anonymous_3)","line":37,"loc":{"start":{"line":37,"column":24},"end":{"line":37,"column":36}}},"4":{"name":"(anonymous_4)","line":69,"loc":{"start":{"line":69,"column":31},"end":{"line":69,"column":48}},"skip":true},"5":{"name":"(anonymous_5)","line":78,"loc":{"start":{"line":78,"column":26},"end":{"line":78,"column":45}},"skip":true},"6":{"name":"(anonymous_6)","line":123,"loc":{"start":{"line":123,"column":33},"end":{"line":123,"column":48}},"skip":true},"7":{"name":"(anonymous_7)","line":125,"loc":{"start":{"line":125,"column":27},"end":{"line":125,"column":39}},"skip":true},"8":{"name":"(anonymous_8)","line":133,"loc":{"start":{"line":133,"column":59},"end":{"line":133,"column":74}},"skip":true},"9":{"name":"(anonymous_9)","line":143,"loc":{"start":{"line":143,"column":45},"end":{"line":143,"column":62}},"skip":true},"10":{"name":"(anonymous_10)","line":144,"loc":{"start":{"line":144,"column":73},"end":{"line":144,"column":92}},"skip":true},"11":{"name":"(anonymous_11)","line":272,"loc":{"start":{"line":272,"column":51},"end":{"line":272,"column":77}},"skip":true},"12":{"name":"(anonymous_12)","line":315,"loc":{"start":{"line":315,"column":32},"end":{"line":315,"column":61}},"skip":true}},"statementMap":{"1":{"start":{"line":26,"column":0},"end":{"line":326,"column":5}},"2":{"start":{"line":28,"column":4},"end":{"line":28,"column":14}},"3":{"start":{"line":33,"column":4},"end":{"line":60,"column":9}},"4":{"start":{"line":35,"column":8},"end":{"line":35,"column":19}},"5":{"start":{"line":37,"column":8},"end":{"line":49,"column":13}},"6":{"start":{"line":38,"column":12},"end":{"line":48,"column":13}},"7":{"start":{"line":39,"column":16},"end":{"line":42,"column":30}},"8":{"start":{"line":44,"column":16},"end":{"line":47,"column":27}},"9":{"start":{"line":51,"column":8},"end":{"line":53,"column":21}},"10":{"start":{"line":55,"column":8},"end":{"line":57,"column":45}},"11":{"start":{"line":59,"column":8},"end":{"line":59,"column":35}},"12":{"start":{"line":61,"column":4},"end":{"line":325,"column":5}},"13":{"start":{"line":69,"column":8},"end":{"line":121,"column":10},"skip":true},"14":{"start":{"line":70,"column":12},"end":{"line":88,"column":13},"skip":true},"15":{"start":{"line":76,"column":16},"end":{"line":87,"column":19},"skip":true},"16":{"start":{"line":79,"column":20},"end":{"line":86,"column":21},"skip":true},"17":{"start":{"line":82,"column":24},"end":{"line":82,"column":43},"skip":true},"18":{"start":{"line":83,"column":24},"end":{"line":83,"column":30},"skip":true},"19":{"start":{"line":85,"column":24},"end":{"line":85,"column":49},"skip":true},"20":{"start":{"line":89,"column":12},"end":{"line":107,"column":13},"skip":true},"21":{"start":{"line":92,"column":16},"end":{"line":102,"column":17},"skip":true},"22":{"start":{"line":93,"column":20},"end":{"line":93,"column":86},"skip":true},"23":{"start":{"line":94,"column":20},"end":{"line":95,"column":45},"skip":true},"24":{"start":{"line":96,"column":20},"end":{"line":96,"column":42},"skip":true},"25":{"start":{"line":97,"column":20},"end":{"line":97,"column":48},"skip":true},"26":{"start":{"line":100,"column":20},"end":{"line":100,"column":85},"skip":true},"27":{"start":{"line":101,"column":20},"end":{"line":101,"column":96},"skip":true},"28":{"start":{"line":103,"column":16},"end":{"line":103,"column":22},"skip":true},"29":{"start":{"line":106,"column":16},"end":{"line":106,"column":22},"skip":true},"30":{"start":{"line":108,"column":12},"end":{"line":120,"column":13},"skip":true},"31":{"start":{"line":114,"column":16},"end":{"line":119,"column":17},"skip":true},"32":{"start":{"line":116,"column":20},"end":{"line":116,"column":78},"skip":true},"33":{"start":{"line":118,"column":20},"end":{"line":118,"column":47},"skip":true},"34":{"start":{"line":123,"column":8},"end":{"line":141,"column":11},"skip":true},"35":{"start":{"line":124,"column":12},"end":{"line":124,"column":54},"skip":true},"36":{"start":{"line":125,"column":12},"end":{"line":140,"column":14},"skip":true},"37":{"start":{"line":126,"column":16},"end":{"line":126,"column":28},"skip":true},"38":{"start":{"line":127,"column":16},"end":{"line":127,"column":69},"skip":true},"39":{"start":{"line":128,"column":16},"end":{"line":128,"column":75},"skip":true},"40":{"start":{"line":129,"column":16},"end":{"line":131,"column":17},"skip":true},"41":{"start":{"line":130,"column":20},"end":{"line":130,"column":27},"skip":true},"42":{"start":{"line":133,"column":16},"end":{"line":137,"column":36},"skip":true},"43":{"start":{"line":134,"column":20},"end":{"line":136,"column":55},"skip":true},"44":{"start":{"line":139,"column":16},"end":{"line":139,"column":57},"skip":true},"45":{"start":{"line":143,"column":8},"end":{"line":147,"column":11},"skip":true},"46":{"start":{"line":144,"column":12},"end":{"line":146,"column":15},"skip":true},"47":{"start":{"line":145,"column":16},"end":{"line":145,"column":70},"skip":true},"48":{"start":{"line":149,"column":8},"end":{"line":149,"column":31},"skip":true},"49":{"start":{"line":150,"column":8},"end":{"line":150,"column":14},"skip":true},"50":{"start":{"line":158,"column":8},"end":{"line":158,"column":31},"skip":true},"51":{"start":{"line":160,"column":8},"end":{"line":160,"column":33},"skip":true},"52":{"start":{"line":161,"column":8},"end":{"line":161,"column":37},"skip":true},"53":{"start":{"line":162,"column":8},"end":{"line":162,"column":35},"skip":true},"54":{"start":{"line":164,"column":8},"end":{"line":164,"column":50},"skip":true},"55":{"start":{"line":166,"column":8},"end":{"line":256,"column":2},"skip":true},"56":{"start":{"line":258,"column":8},"end":{"line":286,"column":9},"skip":true},"57":{"start":{"line":259,"column":12},"end":{"line":269,"column":14},"skip":true},"58":{"start":{"line":271,"column":12},"end":{"line":285,"column":19},"skip":true},"59":{"start":{"line":274,"column":20},"end":{"line":274,"column":35},"skip":true},"60":{"start":{"line":275,"column":20},"end":{"line":284,"column":21},"skip":true},"61":{"start":{"line":277,"column":24},"end":{"line":277,"column":64},"skip":true},"62":{"start":{"line":279,"column":24},"end":{"line":279,"column":40},"skip":true},"63":{"start":{"line":281,"column":24},"end":{"line":281,"column":40},"skip":true},"64":{"start":{"line":283,"column":24},"end":{"line":283,"column":39},"skip":true},"65":{"start":{"line":288,"column":8},"end":{"line":290,"column":9},"skip":true},"66":{"start":{"line":289,"column":12},"end":{"line":289,"column":18},"skip":true},"67":{"start":{"line":291,"column":8},"end":{"line":293,"column":54},"skip":true},"68":{"start":{"line":296,"column":8},"end":{"line":301,"column":37},"skip":true},"69":{"start":{"line":303,"column":8},"end":{"line":303,"column":82},"skip":true},"70":{"start":{"line":306,"column":8},"end":{"line":308,"column":9},"skip":true},"71":{"start":{"line":307,"column":12},"end":{"line":307,"column":82},"skip":true},"72":{"start":{"line":310,"column":8},"end":{"line":312,"column":9},"skip":true},"73":{"start":{"line":311,"column":12},"end":{"line":311,"column":18},"skip":true},"74":{"start":{"line":313,"column":8},"end":{"line":313,"column":54},"skip":true},"75":{"start":{"line":314,"column":8},"end":{"line":314,"column":69},"skip":true},"76":{"start":{"line":315,"column":8},"end":{"line":323,"column":36},"skip":true},"77":{"start":{"line":316,"column":12},"end":{"line":316,"column":61},"skip":true},"78":{"start":{"line":317,"column":12},"end":{"line":320,"column":13},"skip":true},"79":{"start":{"line":318,"column":16},"end":{"line":318,"column":75},"skip":true},"80":{"start":{"line":319,"column":16},"end":{"line":319,"column":23},"skip":true},"81":{"start":{"line":321,"column":12},"end":{"line":321,"column":38},"skip":true},"82":{"start":{"line":322,"column":12},"end":{"line":322,"column":27},"skip":true},"83":{"start":{"line":324,"column":8},"end":{"line":324,"column":14},"skip":true}},"branchMap":{"1":{"line":39,"type":"binary-expr","locations":[{"start":{"line":39,"column":23},"end":{"line":39,"column":62}},{"start":{"line":40,"column":20},"end":{"line":40,"column":70}},{"start":{"line":41,"column":20},"end":{"line":41,"column":71}},{"start":{"line":42,"column":20},"end":{"line":42,"column":29}}]},"2":{"line":44,"type":"binary-expr","locations":[{"start":{"line":44,"column":23},"end":{"line":44,"column":37}},{"start":{"line":45,"column":20},"end":{"line":45,"column":61}},{"start":{"line":46,"column":20},"end":{"line":46,"column":70}},{"start":{"line":47,"column":20},"end":{"line":47,"column":26}}]},"3":{"line":51,"type":"cond-expr","locations":[{"start":{"line":52,"column":14},"end":{"line":52,"column":20}},{"start":{"line":53,"column":14},"end":{"line":53,"column":20}}]},"4":{"line":55,"type":"binary-expr","locations":[{"start":{"line":55,"column":16},"end":{"line":55,"column":44}},{"start":{"line":55,"column":49},"end":{"line":57,"column":43}}]},"5":{"line":55,"type":"cond-expr","locations":[{"start":{"line":56,"column":14},"end":{"line":56,"column":49}},{"start":{"line":57,"column":14},"end":{"line":57,"column":43}}]},"6":{"line":61,"type":"switch","locations":[{"start":{"line":68,"column":4},"end":{"line":150,"column":14},"skip":true},{"start":{"line":156,"column":4},"end":{"line":324,"column":14},"skip":true}]},"7":{"line":70,"type":"if","locations":[{"start":{"line":70,"column":12},"end":{"line":70,"column":12},"skip":true},{"start":{"line":70,"column":12},"end":{"line":70,"column":12},"skip":true}]},"8":{"line":70,"type":"binary-expr","locations":[{"start":{"line":70,"column":16},"end":{"line":70,"column":22},"skip":true},{"start":{"line":70,"column":27},"end":{"line":70,"column":32},"skip":true},{"start":{"line":71,"column":20},"end":{"line":71,"column":39},"skip":true},{"start":{"line":72,"column":20},"end":{"line":72,"column":49},"skip":true},{"start":{"line":73,"column":20},"end":{"line":73,"column":58},"skip":true},{"start":{"line":74,"column":20},"end":{"line":74,"column":69},"skip":true}]},"9":{"line":79,"type":"switch","locations":[{"start":{"line":80,"column":20},"end":{"line":80,"column":33},"skip":true},{"start":{"line":81,"column":20},"end":{"line":83,"column":30},"skip":true},{"start":{"line":84,"column":20},"end":{"line":85,"column":49},"skip":true}]},"10":{"line":89,"type":"switch","locations":[{"start":{"line":90,"column":12},"end":{"line":103,"column":22},"skip":true},{"start":{"line":105,"column":12},"end":{"line":106,"column":22},"skip":true}]},"11":{"line":89,"type":"binary-expr","locations":[{"start":{"line":89,"column":20},"end":{"line":89,"column":25},"skip":true},{"start":{"line":89,"column":29},"end":{"line":89,"column":48},"skip":true},{"start":{"line":89,"column":52},"end":{"line":89,"column":74},"skip":true}]},"12":{"line":92,"type":"if","locations":[{"start":{"line":92,"column":16},"end":{"line":92,"column":16},"skip":true},{"start":{"line":92,"column":16},"end":{"line":92,"column":16},"skip":true}]},"13":{"line":108,"type":"if","locations":[{"start":{"line":108,"column":12},"end":{"line":108,"column":12},"skip":true},{"start":{"line":108,"column":12},"end":{"line":108,"column":12},"skip":true}]},"14":{"line":108,"type":"binary-expr","locations":[{"start":{"line":108,"column":16},"end":{"line":108,"column":61},"skip":true},{"start":{"line":108,"column":66},"end":{"line":108,"column":72},"skip":true},{"start":{"line":108,"column":77},"end":{"line":108,"column":82},"skip":true},{"start":{"line":109,"column":20},"end":{"line":109,"column":39},"skip":true},{"start":{"line":110,"column":20},"end":{"line":110,"column":49},"skip":true},{"start":{"line":111,"column":20},"end":{"line":111,"column":58},"skip":true},{"start":{"line":112,"column":20},"end":{"line":112,"column":68},"skip":true}]},"15":{"line":129,"type":"if","locations":[{"start":{"line":129,"column":16},"end":{"line":129,"column":16},"skip":true},{"start":{"line":129,"column":16},"end":{"line":129,"column":16},"skip":true}]},"16":{"line":134,"type":"cond-expr","locations":[{"start":{"line":135,"column":26},"end":{"line":135,"column":29},"skip":true},{"start":{"line":136,"column":26},"end":{"line":136,"column":54},"skip":true}]},"17":{"line":164,"type":"binary-expr","locations":[{"start":{"line":164,"column":27},"end":{"line":164,"column":43},"skip":true},{"start":{"line":164,"column":47},"end":{"line":164,"column":49},"skip":true}]},"18":{"line":258,"type":"if","locations":[{"start":{"line":258,"column":8},"end":{"line":258,"column":8},"skip":true},{"start":{"line":258,"column":8},"end":{"line":258,"column":8},"skip":true}]},"19":{"line":275,"type":"switch","locations":[{"start":{"line":276,"column":20},"end":{"line":277,"column":64},"skip":true},{"start":{"line":278,"column":20},"end":{"line":279,"column":40},"skip":true},{"start":{"line":280,"column":20},"end":{"line":281,"column":40},"skip":true},{"start":{"line":282,"column":20},"end":{"line":283,"column":39},"skip":true}]},"20":{"line":288,"type":"if","locations":[{"start":{"line":288,"column":8},"end":{"line":288,"column":8},"skip":true},{"start":{"line":288,"column":8},"end":{"line":288,"column":8},"skip":true}]},"21":{"line":288,"type":"binary-expr","locations":[{"start":{"line":288,"column":12},"end":{"line":288,"column":40},"skip":true},{"start":{"line":288,"column":44},"end":{"line":288,"column":67},"skip":true}]},"22":{"line":292,"type":"binary-expr","locations":[{"start":{"line":292,"column":12},"end":{"line":292,"column":50},"skip":true},{"start":{"line":293,"column":12},"end":{"line":293,"column":53},"skip":true}]},"23":{"line":297,"type":"binary-expr","locations":[{"start":{"line":297,"column":12},"end":{"line":297,"column":63},"skip":true},{"start":{"line":298,"column":12},"end":{"line":301,"column":36},"skip":true}]},"24":{"line":303,"type":"binary-expr","locations":[{"start":{"line":303,"column":43},"end":{"line":303,"column":75},"skip":true},{"start":{"line":303,"column":79},"end":{"line":303,"column":81},"skip":true}]},"25":{"line":306,"type":"if","locations":[{"start":{"line":306,"column":8},"end":{"line":306,"column":8},"skip":true},{"start":{"line":306,"column":8},"end":{"line":306,"column":8},"skip":true}]},"26":{"line":310,"type":"if","locations":[{"start":{"line":310,"column":8},"end":{"line":310,"column":8},"skip":true},{"start":{"line":310,"column":8},"end":{"line":310,"column":8},"skip":true}]},"27":{"line":313,"type":"binary-expr","locations":[{"start":{"line":313,"column":27},"end":{"line":313,"column":43},"skip":true},{"start":{"line":313,"column":47},"end":{"line":313,"column":53},"skip":true}]},"28":{"line":317,"type":"if","locations":[{"start":{"line":317,"column":12},"end":{"line":317,"column":12},"skip":true},{"start":{"line":317,"column":12},"end":{"line":317,"column":12},"skip":true}]}},"code":["/*","example.js","","quickstart example","","instruction","    1. save this script as example.js","    2. run the shell command:","        $ npm install npmtest-kefir && PORT=8081 node example.js","    3. play with the browser-demo on http://127.0.0.1:8081","*/","","","","/* istanbul instrument in package npmtest_kefir */","/*jslint","    bitwise: true,","    browser: true,","    maxerr: 8,","    maxlen: 96,","    node: true,","    nomen: true,","    regexp: true,","    stupid: true","*/","(function () {","    'use strict';","    var local;","","","","    // run shared js-env code - pre-init","    (function () {","        // init local","        local = {};","        // init modeJs","        local.modeJs = (function () {","            try {","                return typeof navigator.userAgent === 'string' &&","                    typeof document.querySelector('body') === 'object' &&","                    typeof XMLHttpRequest.prototype.open === 'function' &&","                    'browser';","            } catch (errorCaughtBrowser) {","                return module.exports &&","                    typeof process.versions.node === 'string' &&","                    typeof require('http').createServer === 'function' &&","                    'node';","            }","        }());","        // init global","        local.global = local.modeJs === 'browser'","            ? window","            : global;","        // init utility2_rollup","        local = local.global.utility2_rollup || (local.modeJs === 'browser'","            ? local.global.utility2_npmtest_kefir","            : global.utility2_moduleExports);","        // export local","        local.global.local = local;","    }());","    switch (local.modeJs) {","","","","    // post-init","    // run browser js-env code - post-init","    /* istanbul ignore next */","    case 'browser':","        local.testRunBrowser = function (event) {","            if (!event || (event &&","                    event.currentTarget &&","                    event.currentTarget.className &&","                    event.currentTarget.className.includes &&","                    event.currentTarget.className.includes('onreset'))) {","                // reset output","                Array.from(","                    document.querySelectorAll('body > .resettable')","                ).forEach(function (element) {","                    switch (element.tagName) {","                    case 'INPUT':","                    case 'TEXTAREA':","                        element.value = '';","                        break;","                    default:","                        element.textContent = '';","                    }","                });","            }","            switch (event && event.currentTarget && event.currentTarget.id) {","            case 'testRunButton1':","                // show tests","                if (document.querySelector('#testReportDiv1').style.display === 'none') {","                    document.querySelector('#testReportDiv1').style.display = 'block';","                    document.querySelector('#testRunButton1').textContent =","                        'hide internal test';","                    local.modeTest = true;","                    local.testRunDefault(local);","                // hide tests","                } else {","                    document.querySelector('#testReportDiv1').style.display = 'none';","                    document.querySelector('#testRunButton1').textContent = 'run internal test';","                }","                break;","            // custom-case","            default:","                break;","            }","            if (document.querySelector('#inputTextareaEval1') && (!event || (event &&","                    event.currentTarget &&","                    event.currentTarget.className &&","                    event.currentTarget.className.includes &&","                    event.currentTarget.className.includes('oneval')))) {","                // try to eval input-code","                try {","                    /*jslint evil: true*/","                    eval(document.querySelector('#inputTextareaEval1').value);","                } catch (errorCaught) {","                    console.error(errorCaught);","                }","            }","        };","        // log stderr and stdout to #outputTextareaStdout1","        ['error', 'log'].forEach(function (key) {","            console[key + '_original'] = console[key];","            console[key] = function () {","                var element;","                console[key + '_original'].apply(console, arguments);","                element = document.querySelector('#outputTextareaStdout1');","                if (!element) {","                    return;","                }","                // append text to #outputTextareaStdout1","                element.value += Array.from(arguments).map(function (arg) {","                    return typeof arg === 'string'","                        ? arg","                        : JSON.stringify(arg, null, 4);","                }).join(' ') + '\\n';","                // scroll textarea to bottom","                element.scrollTop = element.scrollHeight;","            };","        });","        // init event-handling","        ['change', 'click', 'keyup'].forEach(function (event) {","            Array.from(document.querySelectorAll('.on' + event)).forEach(function (element) {","                element.addEventListener(event, local.testRunBrowser);","            });","        });","        // run tests","        local.testRunBrowser();","        break;","","","","    // run node js-env code - post-init","    /* istanbul ignore next */","    case 'node':","        // export local","        module.exports = local;","        // require modules","        local.fs = require('fs');","        local.http = require('http');","        local.url = require('url');","        // init assets","        local.assetsDict = local.assetsDict || {};","        /* jslint-ignore-begin */","        local.assetsDict['/assets.index.template.html'] = '\\","<!doctype html>\\n\\","<html lang=\"en\">\\n\\","<head>\\n\\","<meta charset=\"UTF-8\">\\n\\","<meta name=\"viewport\" content=\"width=device-width, initial-scale=1\">\\n\\","<title>{{env.npm_package_name}} (v{{env.npm_package_version}})</title>\\n\\","<style>\\n\\","/*csslint\\n\\","    box-sizing: false,\\n\\","    universal-selector: false\\n\\","*/\\n\\","* {\\n\\","    box-sizing: border-box;\\n\\","}\\n\\","body {\\n\\","    background: #dde;\\n\\","    font-family: Arial, Helvetica, sans-serif;\\n\\","    margin: 2rem;\\n\\","}\\n\\","body > * {\\n\\","    margin-bottom: 1rem;\\n\\","}\\n\\",".utility2FooterDiv {\\n\\","    margin-top: 20px;\\n\\","    text-align: center;\\n\\","}\\n\\","</style>\\n\\","<style>\\n\\","/*csslint\\n\\","*/\\n\\","textarea {\\n\\","    font-family: monospace;\\n\\","    height: 10rem;\\n\\","    width: 100%;\\n\\","}\\n\\","textarea[readonly] {\\n\\","    background: #ddd;\\n\\","}\\n\\","</style>\\n\\","</head>\\n\\","<body>\\n\\","<!-- utility2-comment\\n\\","<div id=\"ajaxProgressDiv1\" style=\"background: #d00; height: 2px; left: 0; margin: 0; padding: 0; position: fixed; top: 0; transition: background 0.5s, width 1.5s; width: 25%;\"></div>\\n\\","utility2-comment -->\\n\\","<h1>\\n\\","<!-- utility2-comment\\n\\","    <a\\n\\","        {{#if env.npm_package_homepage}}\\n\\","        href=\"{{env.npm_package_homepage}}\"\\n\\","        {{/if env.npm_package_homepage}}\\n\\","        target=\"_blank\"\\n\\","    >\\n\\","utility2-comment -->\\n\\","        {{env.npm_package_name}} (v{{env.npm_package_version}})\\n\\","<!-- utility2-comment\\n\\","    </a>\\n\\","utility2-comment -->\\n\\","</h1>\\n\\","<h3>{{env.npm_package_description}}</h3>\\n\\","<!-- utility2-comment\\n\\","<h4><a download href=\"assets.app.js\">download standalone app</a></h4>\\n\\","<button class=\"onclick onreset\" id=\"testRunButton1\">run internal test</button><br>\\n\\","<div id=\"testReportDiv1\" style=\"display: none;\"></div>\\n\\","utility2-comment -->\\n\\","\\n\\","\\n\\","\\n\\","<label>stderr and stdout</label>\\n\\","<textarea class=\"resettable\" id=\"outputTextareaStdout1\" readonly></textarea>\\n\\","<!-- utility2-comment\\n\\","{{#if isRollup}}\\n\\","<script src=\"assets.app.js\"></script>\\n\\","{{#unless isRollup}}\\n\\","utility2-comment -->\\n\\","<script src=\"assets.utility2.rollup.js\"></script>\\n\\","<script src=\"jsonp.utility2._stateInit?callback=window.utility2._stateInit\"></script>\\n\\","<script src=\"assets.npmtest_kefir.rollup.js\"></script>\\n\\","<script src=\"assets.example.js\"></script>\\n\\","<script src=\"assets.test.js\"></script>\\n\\","<!-- utility2-comment\\n\\","{{/if isRollup}}\\n\\","utility2-comment -->\\n\\","<div class=\"utility2FooterDiv\">\\n\\","    [ this app was created with\\n\\","    <a href=\"https://github.com/kaizhu256/node-utility2\" target=\"_blank\">utility2</a>\\n\\","    ]\\n\\","</div>\\n\\","</body>\\n\\","</html>\\n\\","';","        /* jslint-ignore-end */","        if (local.templateRender) {","            local.assetsDict['/'] = local.templateRender(","                local.assetsDict['/assets.index.template.html'],","                {","                    env: local.objectSetDefault(local.env, {","                        npm_package_description: 'the greatest app in the world!',","                        npm_package_name: 'my-app',","                        npm_package_nameAlias: 'my_app',","                        npm_package_version: '0.0.1'","                    })","                }","            );","        } else {","            local.assetsDict['/'] = local.assetsDict['/assets.index.template.html']","                .replace((/\\{\\{env\\.(\\w+?)\\}\\}/g), function (match0, match1) {","                    // jslint-hack","                    String(match0);","                    switch (match1) {","                    case 'npm_package_description':","                        return 'the greatest app in the world!';","                    case 'npm_package_name':","                        return 'my-app';","                    case 'npm_package_nameAlias':","                        return 'my_app';","                    case 'npm_package_version':","                        return '0.0.1';","                    }","                });","        }","        // run the cli","        if (local.global.utility2_rollup || module !== require.main) {","            break;","        }","        local.assetsDict['/assets.example.js'] =","            local.assetsDict['/assets.example.js'] ||","            local.fs.readFileSync(__filename, 'utf8');","        // bug-workaround - long $npm_package_buildCustomOrg","        /* jslint-ignore-begin */","        local.assetsDict['/assets.npmtest_kefir.rollup.js'] =","            local.assetsDict['/assets.npmtest_kefir.rollup.js'] ||","            local.fs.readFileSync(","                local.npmtest_kefir.__dirname + '/lib.npmtest_kefir.js',","                'utf8'","            ).replace((/^#!/), '//');","        /* jslint-ignore-end */","        local.assetsDict['/favicon.ico'] = local.assetsDict['/favicon.ico'] || '';","        // if $npm_config_timeout_exit exists,","        // then exit this process after $npm_config_timeout_exit ms","        if (Number(process.env.npm_config_timeout_exit)) {","            setTimeout(process.exit, Number(process.env.npm_config_timeout_exit));","        }","        // start server","        if (local.global.utility2_serverHttp1) {","            break;","        }","        process.env.PORT = process.env.PORT || '8081';","        console.error('server starting on port ' + process.env.PORT);","        local.http.createServer(function (request, response) {","            request.urlParsed = local.url.parse(request.url);","            if (local.assetsDict[request.urlParsed.pathname] !== undefined) {","                response.end(local.assetsDict[request.urlParsed.pathname]);","                return;","            }","            response.statusCode = 404;","            response.end();","        }).listen(process.env.PORT);","        break;","    }","}());",""],"l":{"26":2,"28":2,"33":2,"35":2,"37":2,"38":2,"39":2,"44":1,"51":2,"55":2,"59":2,"61":2,"69":1,"70":2,"76":2,"79":2,"82":2,"83":2,"85":1,"89":2,"92":1,"93":1,"94":1,"96":1,"97":1,"100":1,"101":1,"103":1,"106":1,"108":2,"114":1,"116":1,"118":1,"123":1,"124":2,"125":2,"126":3,"127":3,"128":3,"129":3,"130":1,"133":3,"134":3,"139":3,"143":1,"144":3,"145":1,"149":1,"150":1,"158":1,"160":1,"161":1,"162":1,"164":1,"166":1,"258":1,"259":1,"271":1,"274":6,"275":6,"277":1,"279":2,"281":1,"283":2,"288":1,"289":1,"291":1,"296":1,"303":1,"306":1,"307":1,"310":1,"311":1,"313":1,"314":1,"315":1,"316":1,"317":1,"318":1,"319":1,"321":1,"322":1,"324":1}},"/home/travis/build/npmtest/node-npmtest-kefir/node_modules/kefir/dist/kefir.js":{"path":"/home/travis/build/npmtest/node-npmtest-kefir/node_modules/kefir/dist/kefir.js","s":{"1":1,"2":1,"3":1,"4":88,"5":88,"6":88,"7":1,"8":166,"9":166,"10":166,"11":1065,"12":166,"13":1,"14":88,"15":88,"16":88,"17":88,"18":163,"19":88,"20":1,"21":1,"22":1,"23":1,"24":1,"25":1,"26":0,"27":0,"28":0,"29":0,"30":0,"31":0,"32":0,"33":0,"34":0,"35":0,"36":0,"37":0,"38":0,"39":0,"40":1,"41":0,"42":0,"43":0,"44":0,"45":0,"46":1,"47":0,"48":0,"49":0,"50":0,"51":0,"52":1,"53":0,"54":0,"55":0,"56":0,"57":1,"58":0,"59":0,"60":0,"61":0,"62":0,"63":0,"64":0,"65":0,"66":0,"67":0,"68":0,"69":1,"70":0,"71":0,"72":0,"73":0,"74":1,"75":0,"76":0,"77":0,"78":1,"79":0,"80":0,"81":0,"82":1,"83":0,"84":1,"85":0,"86":0,"87":0,"88":0,"89":0,"90":1,"91":0,"92":0,"93":0,"94":0,"95":0,"96":0,"97":1,"98":1,"99":1,"100":1,"101":1,"102":1,"103":0,"104":0,"105":0,"106":0,"107":0,"108":0,"109":0,"110":0,"111":0,"112":0,"113":0,"114":0,"115":0,"116":0,"117":1,"118":1,"119":0,"120":1,"121":0,"122":0,"123":0,"124":0,"125":0,"126":1,"127":1,"128":1,"129":1,"130":1,"131":1,"132":1,"133":1,"134":1,"135":1,"136":1,"137":1,"138":1,"139":1,"140":0,"141":0,"142":0,"143":0,"144":0,"145":0,"146":1,"147":1,"148":1,"149":1,"150":0,"151":0,"152":0,"153":0,"154":0,"155":0,"156":0,"157":0,"158":1,"159":1,"160":1,"161":1,"162":0,"163":0,"164":0,"165":0,"166":0,"167":0,"168":0,"169":0,"170":0,"171":0,"172":0,"173":0,"174":0,"175":0,"176":0,"177":0,"178":0,"179":0,"180":0,"181":0,"182":0,"183":0,"184":0,"185":0,"186":0,"187":0,"188":0,"189":0,"190":0,"191":0,"192":0,"193":0,"194":0,"195":0,"196":0,"197":0,"198":0,"199":0,"200":0,"201":0,"202":0,"203":0,"204":0,"205":0,"206":0,"207":0,"208":0,"209":0,"210":0,"211":0,"212":0,"213":0,"214":0,"215":0,"216":0,"217":0,"218":0,"219":0,"220":0,"221":0,"222":0,"223":0,"224":0,"225":0,"226":0,"227":0,"228":0,"229":0,"230":0,"231":0,"232":0,"233":0,"234":0,"235":0,"236":0,"237":0,"238":0,"239":0,"240":0,"241":0,"242":0,"243":0,"244":1,"245":0,"246":1,"247":1,"248":1,"249":0,"250":1,"251":0,"252":0,"253":1,"254":0,"255":0,"256":0,"257":0,"258":0,"259":0,"260":0,"261":0,"262":0,"263":0,"264":0,"265":0,"266":0,"267":0,"268":0,"269":0,"270":0,"271":0,"272":0,"273":0,"274":0,"275":0,"276":1,"277":1,"278":1,"279":1,"280":0,"281":1,"282":1,"283":0,"284":0,"285":0,"286":0,"287":0,"288":0,"289":0,"290":5,"291":0,"292":0,"293":0,"294":0,"295":0,"296":0,"297":0,"298":5,"299":1,"300":0,"301":0,"302":0,"303":0,"304":0,"305":1,"306":0,"307":1,"308":0,"309":0,"310":0,"311":0,"312":1,"313":0,"314":1,"315":0,"316":0,"317":0,"318":0,"319":0,"320":0,"321":0,"322":1,"323":0,"324":1,"325":0,"326":0,"327":0,"328":0,"329":0,"330":1,"331":0,"332":1,"333":1,"334":0,"335":0,"336":1,"337":0,"338":0,"339":1,"340":0,"341":0,"342":1,"343":0,"344":0,"345":0,"346":1,"347":0,"348":0,"349":0,"350":0,"351":0,"352":0,"353":0,"354":1,"355":0,"356":1,"357":0,"358":0,"359":0,"360":1,"361":0,"362":0,"363":0,"364":0,"365":0,"366":0,"367":0,"368":0,"369":0,"370":0,"371":0,"372":1,"373":0,"374":1,"375":0,"376":0,"377":0,"378":0,"379":0,"380":0,"381":0,"382":1,"383":0,"384":0,"385":0,"386":0,"387":0,"388":0,"389":0,"390":0,"391":0,"392":1,"393":0,"394":0,"395":0,"396":0,"397":0,"398":0,"399":0,"400":0,"401":0,"402":0,"403":0,"404":0,"405":0,"406":1,"407":0,"408":0,"409":0,"410":0,"411":0,"412":0,"413":0,"414":0,"415":0,"416":0,"417":0,"418":0,"419":1,"420":0,"421":0,"422":0,"423":0,"424":0,"425":0,"426":0,"427":1,"428":1,"429":0,"430":0,"431":0,"432":0,"433":0,"434":0,"435":0,"436":0,"437":0,"438":0,"439":0,"440":1,"441":0,"442":1,"443":1,"444":0,"445":1,"446":0,"447":1,"448":1,"449":0,"450":1,"451":60,"452":0,"453":0,"454":0,"455":0,"456":0,"457":0,"458":0,"459":1,"460":60,"461":0,"462":0,"463":0,"464":0,"465":0,"466":0,"467":0,"468":0,"469":0,"470":0,"471":0,"472":0,"473":0,"474":1,"475":30,"476":30,"477":30,"478":1,"479":30,"480":30,"481":30,"482":1,"483":0,"484":0,"485":0,"486":0,"487":0,"488":0,"489":1,"490":0,"491":0,"492":0,"493":0,"494":1,"495":0,"496":0,"497":0,"498":0,"499":1,"500":0,"501":1,"502":0,"503":0,"504":0,"505":0,"506":0,"507":0,"508":0,"509":0,"510":0,"511":0,"512":0,"513":0,"514":0,"515":0,"516":1,"517":0,"518":0,"519":0,"520":1,"521":0,"522":0,"523":0,"524":0,"525":0,"526":0,"527":0,"528":0,"529":1,"530":1,"531":3,"532":1,"533":1,"534":1,"535":1,"536":1,"537":1,"538":1,"539":1,"540":0,"541":1,"542":1,"543":0,"544":1,"545":1,"546":1,"547":1,"548":1,"549":1,"550":1,"551":1,"552":1,"553":1,"554":0,"555":1,"556":0,"557":1,"558":1,"559":0,"560":0,"561":0,"562":1,"563":1,"564":1,"565":1,"566":1,"567":1,"568":1,"569":0,"570":0,"571":0,"572":0,"573":0,"574":0,"575":0,"576":0,"577":0,"578":0,"579":0,"580":1,"581":0,"582":1,"583":0,"584":0,"585":0,"586":0,"587":0,"588":0,"589":0,"590":0,"591":0,"592":0,"593":0,"594":0,"595":0,"596":0,"597":0,"598":0,"599":0,"600":0,"601":1,"602":0,"603":1,"604":0,"605":1,"606":0,"607":0,"608":0,"609":0,"610":1,"611":0,"612":0,"613":0,"614":0,"615":0,"616":0,"617":1,"618":0,"619":0,"620":0,"621":0,"622":0,"623":0,"624":0,"625":0,"626":0,"627":0,"628":0,"629":0,"630":0,"631":0,"632":0,"633":0,"634":0,"635":0,"636":1,"637":0,"638":0,"639":0,"640":0,"641":0,"642":0,"643":0,"644":0,"645":0,"646":0,"647":0,"648":0,"649":0,"650":0,"651":0,"652":0,"653":0,"654":0,"655":0,"656":0,"657":0,"658":0,"659":0,"660":0,"661":0,"662":0,"663":0,"664":0,"665":0,"666":0,"667":0,"668":0,"669":0,"670":0,"671":0,"672":0,"673":0,"674":0,"675":0,"676":0,"677":0,"678":0,"679":0,"680":0,"681":0,"682":0,"683":0,"684":0,"685":0,"686":0,"687":0,"688":0,"689":0,"690":1,"691":0,"692":0,"693":0,"694":0,"695":0,"696":0,"697":0,"698":1,"699":0,"700":0,"701":0,"702":0,"703":0,"704":0,"705":0,"706":0,"707":0,"708":0,"709":0,"710":0,"711":0,"712":1,"713":0,"714":0,"715":0,"716":0,"717":1,"718":0,"719":0,"720":0,"721":0,"722":0,"723":0,"724":0,"725":0,"726":1,"727":1,"728":0,"729":0,"730":0,"731":0,"732":0,"733":1,"734":1,"735":1,"736":0,"737":1,"738":0,"739":0,"740":1,"741":0,"742":0,"743":0,"744":0,"745":0,"746":0,"747":1,"748":1,"749":1,"750":0,"751":1,"752":0,"753":0,"754":1,"755":0,"756":0,"757":0,"758":0,"759":0,"760":0,"761":0,"762":0,"763":1,"764":1,"765":1,"766":0,"767":1,"768":0,"769":0,"770":0,"771":0,"772":0,"773":0,"774":0,"775":0,"776":1,"777":1,"778":1,"779":0,"780":1,"781":0,"782":0,"783":0,"784":0,"785":0,"786":0,"787":0,"788":1,"789":1,"790":1,"791":0,"792":1,"793":0,"794":0,"795":1,"796":0,"797":0,"798":0,"799":0,"800":0,"801":0,"802":1,"803":1,"804":1,"805":0,"806":1,"807":0,"808":0,"809":0,"810":0,"811":0,"812":1,"813":1,"814":1,"815":0,"816":1,"817":0,"818":0,"819":0,"820":0,"821":0,"822":0,"823":0,"824":0,"825":1,"826":1,"827":1,"828":0,"829":1,"830":0,"831":0,"832":1,"833":0,"834":0,"835":0,"836":0,"837":0,"838":0,"839":0,"840":0,"841":0,"842":1,"843":1,"844":1,"845":0,"846":1,"847":0,"848":0,"849":1,"850":0,"851":0,"852":0,"853":0,"854":0,"855":0,"856":0,"857":0,"858":0,"859":1,"860":1,"861":1,"862":0,"863":1,"864":0,"865":0,"866":1,"867":0,"868":0,"869":0,"870":0,"871":0,"872":0,"873":0,"874":0,"875":0,"876":0,"877":0,"878":1,"879":0,"880":0,"881":1,"882":0,"883":0,"884":0,"885":0,"886":0,"887":0,"888":0,"889":1,"890":1,"891":0,"892":1,"893":0,"894":0,"895":1,"896":1,"897":0,"898":0,"899":0,"900":0,"901":0,"902":0,"903":0,"904":0,"905":0,"906":0,"907":0,"908":0,"909":0,"910":0,"911":0,"912":0,"913":0,"914":0,"915":0,"916":1,"917":1,"918":1,"919":0,"920":1,"921":0,"922":0,"923":1,"924":0,"925":0,"926":0,"927":0,"928":0,"929":0,"930":0,"931":0,"932":0,"933":0,"934":0,"935":0,"936":0,"937":0,"938":0,"939":0,"940":0,"941":0,"942":0,"943":0,"944":0,"945":0,"946":0,"947":0,"948":0,"949":0,"950":0,"951":0,"952":0,"953":0,"954":0,"955":0,"956":0,"957":0,"958":0,"959":0,"960":0,"961":0,"962":0,"963":0,"964":0,"965":1,"966":1,"967":1,"968":0,"969":0,"970":1,"971":0,"972":0,"973":0,"974":0,"975":0,"976":0,"977":0,"978":0,"979":0,"980":0,"981":0,"982":0,"983":0,"984":0,"985":0,"986":0,"987":0,"988":0,"989":0,"990":0,"991":0,"992":0,"993":0,"994":0,"995":0,"996":0,"997":0,"998":0,"999":0,"1000":0,"1001":0,"1002":0,"1003":0,"1004":0,"1005":0,"1006":1,"1007":1,"1008":1,"1009":0,"1010":0,"1011":1,"1012":0,"1013":0,"1014":0,"1015":0,"1016":0,"1017":1,"1018":1,"1019":1,"1020":0,"1021":1,"1022":0,"1023":0,"1024":1,"1025":0,"1026":0,"1027":0,"1028":0,"1029":0,"1030":0,"1031":1,"1032":1,"1033":1,"1034":0,"1035":1,"1036":0,"1037":0,"1038":1,"1039":1,"1040":1,"1041":1,"1042":0,"1043":1,"1044":1,"1045":1,"1046":1,"1047":0,"1048":1,"1049":1,"1050":1,"1051":1,"1052":0,"1053":1,"1054":0,"1055":0,"1056":0,"1057":0,"1058":0,"1059":0,"1060":1,"1061":1,"1062":1,"1063":0,"1064":1,"1065":0,"1066":0,"1067":0,"1068":0,"1069":0,"1070":0,"1071":0,"1072":0,"1073":1,"1074":1,"1075":1,"1076":0,"1077":0,"1078":1,"1079":0,"1080":0,"1081":0,"1082":0,"1083":0,"1084":0,"1085":0,"1086":0,"1087":0,"1088":0,"1089":0,"1090":0,"1091":0,"1092":0,"1093":0,"1094":1,"1095":1,"1096":1,"1097":0,"1098":1,"1099":0,"1100":0,"1101":1,"1102":0,"1103":0,"1104":0,"1105":0,"1106":0,"1107":0,"1108":0,"1109":0,"1110":0,"1111":0,"1112":0,"1113":0,"1114":0,"1115":0,"1116":1,"1117":1,"1118":1,"1119":0,"1120":0,"1121":1,"1122":0,"1123":0,"1124":0,"1125":0,"1126":0,"1127":0,"1128":0,"1129":0,"1130":0,"1131":0,"1132":0,"1133":0,"1134":0,"1135":0,"1136":0,"1137":0,"1138":0,"1139":0,"1140":0,"1141":0,"1142":0,"1143":0,"1144":0,"1145":0,"1146":0,"1147":0,"1148":0,"1149":0,"1150":1,"1151":1,"1152":1,"1153":0,"1154":0,"1155":1,"1156":0,"1157":0,"1158":0,"1159":0,"1160":0,"1161":1,"1162":0,"1163":0,"1164":0,"1165":0,"1166":0,"1167":0,"1168":1,"1169":1,"1170":1,"1171":0,"1172":1,"1173":0,"1174":0,"1175":0,"1176":0,"1177":0,"1178":0,"1179":1,"1180":1,"1181":1,"1182":0,"1183":1,"1184":0,"1185":1,"1186":0,"1187":0,"1188":0,"1189":0,"1190":0,"1191":0,"1192":0,"1193":0,"1194":0,"1195":0,"1196":0,"1197":0,"1198":0,"1199":0,"1200":0,"1201":1,"1202":0,"1203":0,"1204":0,"1205":0,"1206":0,"1207":0,"1208":0,"1209":0,"1210":0,"1211":0,"1212":0,"1213":0,"1214":0,"1215":0,"1216":0,"1217":0,"1218":0,"1219":0,"1220":0,"1221":0,"1222":0,"1223":0,"1224":0,"1225":0,"1226":0,"1227":0,"1228":0,"1229":0,"1230":0,"1231":0,"1232":0,"1233":0,"1234":1,"1235":0,"1236":1,"1237":0,"1238":1,"1239":0,"1240":0,"1241":0,"1242":0,"1243":0,"1244":0,"1245":0,"1246":0,"1247":0,"1248":0,"1249":0,"1250":0,"1251":0,"1252":0,"1253":1,"1254":0,"1255":0,"1256":0,"1257":0,"1258":0,"1259":0,"1260":0,"1261":0,"1262":0,"1263":0,"1264":0,"1265":0,"1266":0,"1267":0,"1268":0,"1269":0,"1270":0,"1271":0,"1272":0,"1273":0,"1274":0,"1275":0,"1276":0,"1277":0,"1278":0,"1279":0,"1280":0,"1281":0,"1282":0,"1283":0,"1284":0,"1285":0,"1286":0,"1287":0,"1288":0,"1289":0,"1290":0,"1291":0,"1292":0,"1293":0,"1294":0,"1295":0,"1296":0,"1297":0,"1298":0,"1299":0,"1300":0,"1301":0,"1302":0,"1303":0,"1304":0,"1305":0,"1306":0,"1307":0,"1308":0,"1309":0,"1310":0,"1311":0,"1312":0,"1313":0,"1314":0,"1315":0,"1316":0,"1317":0,"1318":0,"1319":0,"1320":0,"1321":0,"1322":0,"1323":0,"1324":0,"1325":0,"1326":0,"1327":0,"1328":1,"1329":0,"1330":0,"1331":0,"1332":1,"1333":0,"1334":0,"1335":1,"1336":0,"1337":1,"1338":0,"1339":0,"1340":0,"1341":0,"1342":0,"1343":0,"1344":0,"1345":0,"1346":1,"1347":0,"1348":0,"1349":0,"1350":0,"1351":0,"1352":0,"1353":0,"1354":0,"1355":0,"1356":0,"1357":0,"1358":0,"1359":0,"1360":0,"1361":0,"1362":0,"1363":0,"1364":0,"1365":0,"1366":0,"1367":0,"1368":0,"1369":1,"1370":0,"1371":1,"1372":0,"1373":0,"1374":1,"1375":0,"1376":1,"1377":0,"1378":0,"1379":0,"1380":0,"1381":1,"1382":0,"1383":0,"1384":0,"1385":0,"1386":0,"1387":0,"1388":0,"1389":0,"1390":1,"1391":0,"1392":0,"1393":0,"1394":0,"1395":0,"1396":0,"1397":0,"1398":0,"1399":0,"1400":0,"1401":0,"1402":0,"1403":0,"1404":0,"1405":0,"1406":0,"1407":0,"1408":0,"1409":0,"1410":0,"1411":0,"1412":0,"1413":0,"1414":0,"1415":1,"1416":0,"1417":1,"1418":0,"1419":0,"1420":0,"1421":0,"1422":0,"1423":0,"1424":0,"1425":0,"1426":0,"1427":0,"1428":0,"1429":0,"1430":1,"1431":10,"1432":0,"1433":0,"1434":0,"1435":0,"1436":0,"1437":0,"1438":0,"1439":0,"1440":0,"1441":0,"1442":0,"1443":1,"1444":10,"1445":0,"1446":0,"1447":0,"1448":0,"1449":0,"1450":0,"1451":0,"1452":0,"1453":0,"1454":0,"1455":0,"1456":0,"1457":0,"1458":0,"1459":0,"1460":0,"1461":0,"1462":0,"1463":0,"1464":0,"1465":0,"1466":0,"1467":0,"1468":0,"1469":0,"1470":0,"1471":0,"1472":0,"1473":0,"1474":0,"1475":0,"1476":0,"1477":1,"1478":5,"1479":5,"1480":5,"1481":1,"1482":5,"1483":5,"1484":5,"1485":1,"1486":0,"1487":0,"1488":0,"1489":0,"1490":1,"1491":1,"1492":1,"1493":0,"1494":1,"1495":0,"1496":1,"1497":0,"1498":0,"1499":0,"1500":1,"1501":0,"1502":0,"1503":0,"1504":0,"1505":1,"1506":1,"1507":1,"1508":0,"1509":1,"1510":0,"1511":1,"1512":1,"1513":1,"1514":0,"1515":1,"1516":0,"1517":0,"1518":0,"1519":0,"1520":0,"1521":0,"1522":0,"1523":0,"1524":0,"1525":0,"1526":0,"1527":0,"1528":0,"1529":0,"1530":0,"1531":0,"1532":0,"1533":1,"1534":1,"1535":1,"1536":0,"1537":1,"1538":0,"1539":0,"1540":0,"1541":0,"1542":0,"1543":0,"1544":0,"1545":0,"1546":0,"1547":0,"1548":0,"1549":0,"1550":0,"1551":0,"1552":0,"1553":0,"1554":0,"1555":0,"1556":0,"1557":1,"1558":1,"1559":1,"1560":0,"1561":1,"1562":0,"1563":1,"1564":0,"1565":1,"1566":0,"1567":0,"1568":0,"1569":0,"1570":1,"1571":0,"1572":0,"1573":0,"1574":0,"1575":0,"1576":0,"1577":0,"1578":0,"1579":1,"1580":1,"1581":1,"1582":0,"1583":1,"1584":0,"1585":0,"1586":1,"1587":0,"1588":0,"1589":0,"1590":0,"1591":0,"1592":0,"1593":0,"1594":0,"1595":1,"1596":1,"1597":1,"1598":0,"1599":1,"1600":0,"1601":0,"1602":1,"1603":0,"1604":0,"1605":1,"1606":1,"1607":1,"1608":0,"1609":1,"1610":0,"1611":1,"1612":0,"1613":1,"1614":0,"1615":1,"1616":1,"1617":1,"1618":0,"1619":1,"1620":0,"1621":1,"1622":0,"1623":1,"1624":0,"1625":1,"1626":0,"1627":1,"1628":0,"1629":1,"1630":0,"1631":1,"1632":0,"1633":1,"1634":0,"1635":1,"1636":0,"1637":1,"1638":0,"1639":1,"1640":0,"1641":1,"1642":0,"1643":1,"1644":0,"1645":1,"1646":0,"1647":1,"1648":0,"1649":1,"1650":0,"1651":1,"1652":0,"1653":1,"1654":0,"1655":1,"1656":0,"1657":1,"1658":0,"1659":1,"1660":0,"1661":1,"1662":0,"1663":1,"1664":0,"1665":1,"1666":0,"1667":1,"1668":0,"1669":1,"1670":0,"1671":1,"1672":0,"1673":1,"1674":0,"1675":1,"1676":0,"1677":1,"1678":0,"1679":1,"1680":0,"1681":1,"1682":0,"1683":1,"1684":0,"1685":1,"1686":0,"1687":1,"1688":0,"1689":1,"1690":0,"1691":1,"1692":0,"1693":1,"1694":0,"1695":1,"1696":0,"1697":1,"1698":0,"1699":1,"1700":0,"1701":1,"1702":0,"1703":1,"1704":0,"1705":1,"1706":1,"1707":0,"1708":1,"1709":0,"1710":0,"1711":0,"1712":1,"1713":0,"1714":0,"1715":1,"1716":0,"1717":0,"1718":1,"1719":0,"1720":0,"1721":1,"1722":0,"1723":0,"1724":1,"1725":1,"1726":1,"1727":1,"1728":1,"1729":1,"1730":1,"1731":1,"1732":1,"1733":1,"1734":1,"1735":1,"1736":1,"1737":1,"1738":1,"1739":1,"1740":1,"1741":1,"1742":1,"1743":1,"1744":1,"1745":1,"1746":1,"1747":1,"1748":1,"1749":1,"1750":1,"1751":1,"1752":1,"1753":1,"1754":1},"b":{"1":[1,0],"2":[1,1],"3":[0,0],"4":[0,0],"5":[0,0],"6":[0,0],"7":[0,0],"8":[0,0],"9":[0,0],"10":[0,0],"11":[0,0],"12":[0,0],"13":[0,0],"14":[0,0],"15":[0,0],"16":[0,0],"17":[0,0],"18":[0,0],"19":[0,0],"20":[0,0],"21":[0,0],"22":[1,1],"23":[0,0],"24":[0,0],"25":[0,0],"26":[1,0],"27":[0,1],"28":[0,0],"29":[0,0,0],"30":[0,0],"31":[0,0],"32":[1,0],"33":[0,0],"34":[0,0],"35":[0,0],"36":[0,0],"37":[0,0],"38":[0,0],"39":[0,0],"40":[0,0],"41":[0,0],"42":[0,0],"43":[0,0],"44":[0,0],"45":[0,0],"46":[0,0],"47":[0,0],"48":[0,0],"49":[0,0],"50":[0,0],"51":[0,0],"52":[0,0],"53":[0,0],"54":[0,0],"55":[0,0],"56":[0,0],"57":[0,0],"58":[0,0],"59":[0,0],"60":[0,0],"61":[0,0],"62":[0,0],"63":[0,0],"64":[0,0],"65":[0,0],"66":[0,0],"67":[0,0],"68":[0,0],"69":[0,0],"70":[0,0],"71":[0,0],"72":[0,0],"73":[0,0],"74":[0,0],"75":[0,0],"76":[0,0],"77":[0,0],"78":[0,0],"79":[0,0],"80":[0,0],"81":[0,0],"82":[0,0],"83":[0,0],"84":[0,0],"85":[0,0,0,0,0,0],"86":[0,0],"87":[0,0],"88":[0,0,0,0,0,0],"89":[0,0],"90":[0,0],"91":[0,0],"92":[0,0],"93":[0,0],"94":[0,0,0],"95":[0,0],"96":[0,0],"97":[0,0],"98":[0,0],"99":[0,0],"100":[0,0],"101":[0,0],"102":[0,0],"103":[0,0],"104":[0,0],"105":[0,0],"106":[0,0],"107":[0,0],"108":[0,0],"109":[0,0],"110":[0,0],"111":[0,1],"112":[1,0],"113":[0,0],"114":[1,0],"115":[0,1],"116":[1,0],"117":[1,1,1],"118":[0,1],"119":[1,1],"120":[0,1],"121":[0,1],"122":[1,0],"123":[0,0],"124":[1,0],"125":[1,1,1],"126":[0,1],"127":[1,1,0],"128":[0,0],"129":[0,0],"130":[0,0],"131":[0,0],"132":[0,0],"133":[0,0],"134":[0,0],"135":[0,0],"136":[0,0],"137":[0,0],"138":[0,0],"139":[0,0],"140":[0,0],"141":[0,0],"142":[0,0],"143":[0,0],"144":[0,0],"145":[0,0],"146":[0,0],"147":[0,0],"148":[0,0],"149":[0,0],"150":[0,0],"151":[0,0],"152":[0,0],"153":[0,0],"154":[0,0],"155":[0,0],"156":[0,0],"157":[0,0],"158":[0,0],"159":[0,0],"160":[0,0],"161":[0,0],"162":[0,0],"163":[0,0],"164":[0,0],"165":[0,0],"166":[0,0],"167":[0,0],"168":[0,0],"169":[0,0],"170":[0,0],"171":[0,0],"172":[0,0],"173":[0,0],"174":[0,0],"175":[0,0],"176":[0,0],"177":[0,0],"178":[0,0],"179":[0,0],"180":[0,0],"181":[0,0],"182":[0,0],"183":[0,0],"184":[0,0],"185":[0,0],"186":[0,0],"187":[0,0],"188":[0,0],"189":[0,0],"190":[0,0],"191":[0,0],"192":[0,0],"193":[0,0],"194":[0,0],"195":[0,0],"196":[0,0],"197":[0,0],"198":[0,0],"199":[0,0],"200":[0,0],"201":[0,0],"202":[0,0],"203":[0,0],"204":[0,0],"205":[0,0],"206":[0,0],"207":[0,0],"208":[1,0],"209":[0,0],"210":[0,0],"211":[0,0],"212":[0,0],"213":[0,0],"214":[0,0],"215":[0,0],"216":[0,0],"217":[0,0],"218":[0,0],"219":[0,0],"220":[0,0],"221":[0,0],"222":[0,0],"223":[0,0],"224":[0,0],"225":[0,0],"226":[0,0],"227":[0,0],"228":[0,0],"229":[0,0],"230":[0,0],"231":[0,0],"232":[0,0],"233":[0,0],"234":[0,0],"235":[0,0],"236":[0,0],"237":[0,0],"238":[0,0],"239":[0,0],"240":[0,0],"241":[0,0],"242":[0,0],"243":[0,0],"244":[0,0],"245":[0,0],"246":[0,0],"247":[0,0],"248":[0,0],"249":[0,0],"250":[0,0],"251":[0,0],"252":[0,0],"253":[0,0],"254":[0,0],"255":[0,0],"256":[0,0],"257":[0,0],"258":[0,0],"259":[0,0],"260":[0,0],"261":[0,0],"262":[0,0],"263":[0,0],"264":[0,0],"265":[0,0],"266":[0,0],"267":[0,0],"268":[0,0],"269":[0,0],"270":[1,0],"271":[0,0],"272":[0,0],"273":[0,0],"274":[0,0],"275":[0,0],"276":[0,0],"277":[0,0],"278":[0,0],"279":[0,0],"280":[0,0],"281":[0,0],"282":[0,0],"283":[0,0],"284":[0,0],"285":[0,0],"286":[0,0],"287":[0,0],"288":[0,0],"289":[0,0],"290":[0,0],"291":[0,0],"292":[0,0],"293":[0,0],"294":[0,0],"295":[0,0],"296":[0,0],"297":[0,0],"298":[0,0],"299":[0,0],"300":[0,0],"301":[0,0],"302":[0,0],"303":[0,0],"304":[0,0],"305":[0,0],"306":[0,0],"307":[0,0],"308":[0,0],"309":[0,0],"310":[0,0],"311":[0,0],"312":[0,0],"313":[0,0],"314":[0,0],"315":[0,0],"316":[0,0],"317":[0,0,0],"318":[0,0],"319":[0,0],"320":[0,0],"321":[0,0],"322":[0,0],"323":[0,0],"324":[0,0,0],"325":[0,0],"326":[0,0],"327":[0,0],"328":[0,0],"329":[0,0],"330":[0,0],"331":[0,0,0],"332":[0,0],"333":[0,0],"334":[0,0],"335":[0,0],"336":[0,0,0],"337":[0,0,0],"338":[0,0],"339":[0,0],"340":[0,0],"341":[0,0],"342":[0,0],"343":[0,0],"344":[0,0],"345":[0,0],"346":[0,0],"347":[0,0],"348":[0,0],"349":[0,0],"350":[0,0],"351":[0,0],"352":[0,0],"353":[0,0],"354":[0,0],"355":[0,0],"356":[0,0],"357":[0,0],"358":[0,0],"359":[0,0],"360":[0,0],"361":[0,0],"362":[0,0],"363":[0,0],"364":[0,0],"365":[0,0],"366":[0,0,0],"367":[0,0],"368":[0,0],"369":[0,0],"370":[0,0],"371":[0,0],"372":[0,0],"373":[0,0],"374":[0,0],"375":[0,0],"376":[0,0,0]},"f":{"1":1,"2":1,"3":88,"4":88,"5":166,"6":88,"7":0,"8":0,"9":0,"10":0,"11":0,"12":0,"13":0,"14":0,"15":0,"16":0,"17":0,"18":1,"19":0,"20":0,"21":0,"22":0,"23":0,"24":1,"25":1,"26":1,"27":0,"28":0,"29":1,"30":1,"31":0,"32":0,"33":0,"34":1,"35":0,"36":0,"37":0,"38":0,"39":0,"40":0,"41":0,"42":0,"43":0,"44":0,"45":0,"46":0,"47":0,"48":0,"49":0,"50":0,"51":0,"52":0,"53":0,"54":0,"55":0,"56":0,"57":0,"58":0,"59":0,"60":1,"61":0,"62":0,"63":0,"64":0,"65":0,"66":0,"67":0,"68":0,"69":5,"70":0,"71":0,"72":0,"73":0,"74":0,"75":0,"76":0,"77":0,"78":0,"79":0,"80":0,"81":0,"82":0,"83":0,"84":0,"85":0,"86":0,"87":0,"88":0,"89":0,"90":0,"91":0,"92":0,"93":0,"94":0,"95":0,"96":0,"97":0,"98":0,"99":0,"100":0,"101":0,"102":0,"103":0,"104":0,"105":0,"106":0,"107":0,"108":0,"109":0,"110":0,"111":0,"112":0,"113":0,"114":0,"115":0,"116":0,"117":0,"118":0,"119":0,"120":0,"121":0,"122":0,"123":0,"124":0,"125":0,"126":0,"127":0,"128":0,"129":0,"130":0,"131":0,"132":0,"133":0,"134":0,"135":60,"136":0,"137":0,"138":60,"139":0,"140":0,"141":0,"142":0,"143":0,"144":0,"145":0,"146":0,"147":0,"148":30,"149":30,"150":0,"151":0,"152":0,"153":0,"154":0,"155":0,"156":0,"157":0,"158":0,"159":0,"160":0,"161":0,"162":0,"163":0,"164":3,"165":1,"166":1,"167":1,"168":1,"169":1,"170":0,"171":0,"172":0,"173":0,"174":0,"175":0,"176":0,"177":0,"178":0,"179":0,"180":0,"181":0,"182":0,"183":0,"184":0,"185":0,"186":0,"187":0,"188":0,"189":0,"190":0,"191":0,"192":0,"193":0,"194":0,"195":0,"196":0,"197":0,"198":0,"199":0,"200":0,"201":0,"202":0,"203":0,"204":0,"205":0,"206":0,"207":0,"208":0,"209":0,"210":0,"211":0,"212":0,"213":0,"214":0,"215":0,"216":0,"217":0,"218":0,"219":0,"220":0,"221":0,"222":0,"223":0,"224":0,"225":0,"226":0,"227":0,"228":0,"229":0,"230":0,"231":0,"232":0,"233":0,"234":0,"235":0,"236":0,"237":0,"238":0,"239":0,"240":0,"241":0,"242":0,"243":0,"244":0,"245":0,"246":0,"247":0,"248":0,"249":0,"250":0,"251":0,"252":0,"253":0,"254":0,"255":0,"256":0,"257":0,"258":0,"259":0,"260":0,"261":0,"262":0,"263":0,"264":0,"265":0,"266":0,"267":0,"268":0,"269":0,"270":0,"271":0,"272":0,"273":0,"274":0,"275":0,"276":0,"277":0,"278":0,"279":0,"280":0,"281":0,"282":0,"283":0,"284":0,"285":0,"286":0,"287":0,"288":0,"289":0,"290":0,"291":0,"292":0,"293":0,"294":0,"295":0,"296":0,"297":0,"298":0,"299":0,"300":0,"301":0,"302":0,"303":0,"304":0,"305":0,"306":0,"307":0,"308":0,"309":0,"310":0,"311":0,"312":0,"313":0,"314":0,"315":0,"316":0,"317":0,"318":0,"319":0,"320":0,"321":0,"322":0,"323":0,"324":0,"325":0,"326":0,"327":0,"328":0,"329":0,"330":0,"331":0,"332":0,"333":0,"334":0,"335":0,"336":0,"337":0,"338":0,"339":0,"340":0,"341":0,"342":0,"343":0,"344":0,"345":0,"346":0,"347":0,"348":0,"349":0,"350":0,"351":0,"352":0,"353":0,"354":0,"355":0,"356":0,"357":0,"358":0,"359":0,"360":0,"361":0,"362":0,"363":0,"364":0,"365":0,"366":0,"367":0,"368":0,"369":0,"370":0,"371":0,"372":0,"373":0,"374":0,"375":0,"376":0,"377":0,"378":0,"379":0,"380":0,"381":0,"382":0,"383":0,"384":0,"385":0,"386":0,"387":0,"388":0,"389":0,"390":0,"391":0,"392":0,"393":0,"394":0,"395":0,"396":0,"397":0,"398":0,"399":0,"400":0,"401":0,"402":0,"403":10,"404":0,"405":0,"406":0,"407":10,"408":0,"409":0,"410":0,"411":0,"412":0,"413":0,"414":0,"415":0,"416":0,"417":0,"418":0,"419":0,"420":0,"421":0,"422":5,"423":5,"424":0,"425":0,"426":0,"427":0,"428":0,"429":0,"430":0,"431":0,"432":0,"433":0,"434":0,"435":0,"436":0,"437":0,"438":0,"439":0,"440":0,"441":0,"442":0,"443":0,"444":0,"445":0,"446":0,"447":0,"448":0,"449":0,"450":0,"451":0,"452":0,"453":0,"454":0,"455":0,"456":0,"457":0,"458":0,"459":0,"460":0,"461":0,"462":0,"463":0,"464":0,"465":0,"466":0,"467":0,"468":0,"469":0,"470":0,"471":0,"472":0,"473":0,"474":0,"475":0,"476":0,"477":0,"478":0,"479":0,"480":0,"481":0,"482":0,"483":0,"484":0,"485":0,"486":0,"487":0,"488":0,"489":0,"490":0,"491":0,"492":0,"493":0,"494":0,"495":0,"496":0,"497":0,"498":0,"499":0,"500":0,"501":0,"502":0,"503":0,"504":0,"505":0,"506":0,"507":0,"508":0,"509":0,"510":0,"511":0,"512":0,"513":0,"514":0,"515":0,"516":0,"517":0,"518":0,"519":0},"fnMap":{"1":{"name":"(anonymous_1)","line":5,"loc":{"start":{"line":5,"column":1},"end":{"line":5,"column":28}}},"2":{"name":"(anonymous_2)","line":9,"loc":{"start":{"line":9,"column":8},"end":{"line":9,"column":27}}},"3":{"name":"createObj","line":11,"loc":{"start":{"line":11,"column":1},"end":{"line":11,"column":27}}},"4":{"name":"(anonymous_4)","line":12,"loc":{"start":{"line":12,"column":11},"end":{"line":12,"column":23}}},"5":{"name":"extend","line":17,"loc":{"start":{"line":17,"column":1},"end":{"line":17,"column":49}}},"6":{"name":"inherit","line":29,"loc":{"start":{"line":29,"column":1},"end":{"line":29,"column":57}}},"7":{"name":"concat","line":46,"loc":{"start":{"line":46,"column":1},"end":{"line":46,"column":23}}},"8":{"name":"find","line":70,"loc":{"start":{"line":70,"column":1},"end":{"line":70,"column":27}}},"9":{"name":"findByPred","line":81,"loc":{"start":{"line":81,"column":1},"end":{"line":81,"column":32}}},"10":{"name":"cloneArray","line":92,"loc":{"start":{"line":92,"column":1},"end":{"line":92,"column":28}}},"11":{"name":"remove","line":102,"loc":{"start":{"line":102,"column":1},"end":{"line":102,"column":31}}},"12":{"name":"map","line":125,"loc":{"start":{"line":125,"column":1},"end":{"line":125,"column":25}}},"13":{"name":"forEach","line":135,"loc":{"start":{"line":135,"column":1},"end":{"line":135,"column":27}}},"14":{"name":"fillArray","line":143,"loc":{"start":{"line":143,"column":1},"end":{"line":143,"column":32}}},"15":{"name":"contains","line":151,"loc":{"start":{"line":151,"column":1},"end":{"line":151,"column":31}}},"16":{"name":"slide","line":155,"loc":{"start":{"line":155,"column":1},"end":{"line":155,"column":32}}},"17":{"name":"callSubscriber","line":167,"loc":{"start":{"line":167,"column":1},"end":{"line":167,"column":42}}},"18":{"name":"Dispatcher","line":179,"loc":{"start":{"line":179,"column":1},"end":{"line":179,"column":23}}},"19":{"name":"(anonymous_19)","line":187,"loc":{"start":{"line":187,"column":8},"end":{"line":187,"column":28}}},"20":{"name":"(anonymous_20)","line":191,"loc":{"start":{"line":191,"column":11},"end":{"line":191,"column":31}}},"21":{"name":"(anonymous_21)","line":192,"loc":{"start":{"line":192,"column":41},"end":{"line":192,"column":54}}},"22":{"name":"(anonymous_22)","line":208,"loc":{"start":{"line":208,"column":11},"end":{"line":208,"column":25}}},"23":{"name":"(anonymous_23)","line":217,"loc":{"start":{"line":217,"column":14},"end":{"line":217,"column":28}}},"24":{"name":"(anonymous_24)","line":221,"loc":{"start":{"line":221,"column":13},"end":{"line":221,"column":30}}},"25":{"name":"(anonymous_25)","line":246,"loc":{"start":{"line":246,"column":12},"end":{"line":246,"column":24}}},"26":{"name":"Observable","line":252,"loc":{"start":{"line":252,"column":1},"end":{"line":252,"column":23}}},"27":{"name":"(anonymous_27)","line":265,"loc":{"start":{"line":265,"column":18},"end":{"line":265,"column":30}}},"28":{"name":"(anonymous_28)","line":266,"loc":{"start":{"line":266,"column":20},"end":{"line":266,"column":32}}},"29":{"name":"(anonymous_29)","line":267,"loc":{"start":{"line":267,"column":15},"end":{"line":267,"column":33}}},"30":{"name":"(anonymous_30)","line":279,"loc":{"start":{"line":279,"column":11},"end":{"line":279,"column":23}}},"31":{"name":"(anonymous_31)","line":285,"loc":{"start":{"line":285,"column":10},"end":{"line":285,"column":29}}},"32":{"name":"(anonymous_32)","line":295,"loc":{"start":{"line":295,"column":15},"end":{"line":295,"column":32}}},"33":{"name":"(anonymous_33)","line":300,"loc":{"start":{"line":300,"column":15},"end":{"line":300,"column":32}}},"34":{"name":"(anonymous_34)","line":305,"loc":{"start":{"line":305,"column":13},"end":{"line":305,"column":25}}},"35":{"name":"(anonymous_35)","line":312,"loc":{"start":{"line":312,"column":8},"end":{"line":312,"column":28}}},"36":{"name":"(anonymous_36)","line":321,"loc":{"start":{"line":321,"column":9},"end":{"line":321,"column":29}}},"37":{"name":"(anonymous_37)","line":330,"loc":{"start":{"line":330,"column":12},"end":{"line":330,"column":26}}},"38":{"name":"(anonymous_38)","line":333,"loc":{"start":{"line":333,"column":12},"end":{"line":333,"column":26}}},"39":{"name":"(anonymous_39)","line":336,"loc":{"start":{"line":336,"column":10},"end":{"line":336,"column":24}}},"40":{"name":"(anonymous_40)","line":339,"loc":{"start":{"line":339,"column":10},"end":{"line":339,"column":24}}},"41":{"name":"(anonymous_41)","line":342,"loc":{"start":{"line":342,"column":13},"end":{"line":342,"column":27}}},"42":{"name":"(anonymous_42)","line":345,"loc":{"start":{"line":345,"column":13},"end":{"line":345,"column":27}}},"43":{"name":"(anonymous_43)","line":348,"loc":{"start":{"line":348,"column":11},"end":{"line":348,"column":25}}},"44":{"name":"(anonymous_44)","line":351,"loc":{"start":{"line":351,"column":11},"end":{"line":351,"column":25}}},"45":{"name":"(anonymous_45)","line":354,"loc":{"start":{"line":354,"column":12},"end":{"line":354,"column":57}}},"46":{"name":"(anonymous_46)","line":360,"loc":{"start":{"line":360,"column":19},"end":{"line":360,"column":36}}},"47":{"name":"(anonymous_47)","line":376,"loc":{"start":{"line":376,"column":20},"end":{"line":376,"column":32}}},"48":{"name":"(anonymous_48)","line":383,"loc":{"start":{"line":383,"column":17},"end":{"line":383,"column":20}}},"49":{"name":"(anonymous_49)","line":391,"loc":{"start":{"line":391,"column":16},"end":{"line":391,"column":32}}},"50":{"name":"(anonymous_50)","line":394,"loc":{"start":{"line":394,"column":12},"end":{"line":394,"column":58}}},"51":{"name":"(anonymous_51)","line":398,"loc":{"start":{"line":398,"column":8},"end":{"line":398,"column":20}}},"52":{"name":"(anonymous_52)","line":403,"loc":{"start":{"line":403,"column":19},"end":{"line":403,"column":36}}},"53":{"name":"(anonymous_53)","line":425,"loc":{"start":{"line":425,"column":11},"end":{"line":425,"column":23}}},"54":{"name":"(anonymous_54)","line":430,"loc":{"start":{"line":430,"column":56},"end":{"line":430,"column":71}}},"55":{"name":"(anonymous_55)","line":441,"loc":{"start":{"line":441,"column":8},"end":{"line":441,"column":20}}},"56":{"name":"(anonymous_56)","line":444,"loc":{"start":{"line":444,"column":19},"end":{"line":444,"column":36}}},"57":{"name":"(anonymous_57)","line":461,"loc":{"start":{"line":461,"column":11},"end":{"line":461,"column":23}}},"58":{"name":"(anonymous_58)","line":465,"loc":{"start":{"line":465,"column":56},"end":{"line":465,"column":71}}},"59":{"name":"(anonymous_59)","line":478,"loc":{"start":{"line":478,"column":33},"end":{"line":478,"column":45}}},"60":{"name":"Stream","line":482,"loc":{"start":{"line":482,"column":1},"end":{"line"
[...]
":0,"1068":0,"1069":0,"1070":0,"1072":0,"1073":0,"1074":0,"1076":0,"1079":0,"1080":0,"1083":0,"1087":0,"1090":1,"1091":0,"1092":0,"1094":0,"1098":1,"1099":0,"1101":0,"1102":0,"1103":0,"1104":0,"1105":0,"1106":0,"1108":0,"1114":1,"1116":1,"1117":3,"1120":1,"1123":1,"1126":1,"1127":1,"1128":1,"1129":1,"1131":1,"1132":1,"1133":0,"1135":1,"1136":1,"1139":0,"1142":1,"1146":1,"1148":1,"1151":1,"1155":1,"1157":1,"1159":1,"1160":1,"1163":1,"1165":1,"1166":0,"1167":1,"1168":0,"1169":1,"1170":1,"1171":0,"1172":0,"1174":0,"1177":1,"1178":1,"1181":1,"1183":1,"1184":1,"1187":1,"1189":1,"1190":0,"1191":0,"1192":0,"1194":0,"1195":0,"1198":0,"1201":0,"1205":0,"1206":0,"1207":0,"1210":0,"1215":1,"1216":0,"1219":1,"1221":0,"1223":0,"1225":0,"1226":0,"1227":0,"1230":0,"1231":0,"1232":0,"1233":0,"1234":0,"1235":0,"1239":0,"1240":0,"1242":0,"1244":0,"1245":0,"1248":0,"1251":0,"1256":1,"1257":0,"1260":1,"1261":0,"1264":1,"1265":0,"1266":0,"1267":0,"1268":0,"1273":1,"1274":0,"1275":0,"1276":0,"1277":0,"1278":0,"1282":0,"1285":1,"1286":0,"1288":0,"1289":0,"1290":0,"1291":0,"1292":0,"1293":0,"1294":0,"1295":0,"1296":0,"1297":0,"1298":0,"1300":0,"1302":0,"1303":0,"1304":0,"1308":0,"1309":0,"1313":1,"1318":0,"1322":0,"1323":0,"1325":0,"1326":0,"1329":0,"1330":0,"1331":0,"1333":0,"1334":0,"1338":0,"1340":0,"1341":0,"1345":0,"1346":0,"1347":0,"1348":0,"1349":0,"1351":0,"1352":0,"1353":0,"1355":0,"1356":0,"1359":0,"1360":0,"1364":0,"1365":0,"1366":0,"1368":0,"1369":0,"1374":0,"1376":0,"1377":0,"1378":0,"1380":0,"1381":0,"1382":0,"1388":0,"1389":0,"1390":0,"1392":0,"1398":0,"1399":0,"1400":0,"1401":0,"1402":0,"1404":0,"1411":0,"1412":0,"1413":0,"1414":0,"1415":0,"1416":0,"1420":1,"1421":0,"1422":0,"1424":0,"1425":0,"1428":0,"1429":0,"1431":0,"1434":1,"1435":0,"1436":0,"1438":0,"1439":0,"1442":0,"1446":0,"1447":0,"1449":0,"1450":0,"1451":0,"1452":0,"1454":0,"1457":0,"1460":1,"1461":0,"1462":0,"1463":0,"1466":0,"1469":1,"1471":0,"1477":0,"1480":0,"1483":0,"1486":0,"1495":0,"1496":0,"1500":0,"1506":1,"1510":1,"1512":0,"1514":0,"1517":0,"1520":0,"1521":0,"1525":1,"1526":1,"1528":1,"1529":0,"1532":1,"1533":0,"1535":0,"1538":1,"1540":0,"1542":0,"1545":0,"1548":0,"1549":0,"1550":0,"1555":1,"1556":1,"1558":1,"1559":0,"1562":1,"1563":0,"1565":0,"1568":1,"1570":0,"1572":0,"1573":0,"1574":0,"1578":0,"1579":0,"1580":0,"1581":0,"1586":1,"1587":1,"1589":1,"1590":0,"1593":1,"1595":0,"1597":0,"1598":0,"1599":0,"1603":0,"1604":0,"1605":0,"1606":0,"1611":1,"1612":1,"1614":1,"1615":0,"1618":1,"1620":0,"1622":0,"1625":0,"1628":0,"1629":0,"1630":0,"1632":0,"1637":1,"1638":1,"1640":1,"1641":0,"1644":1,"1645":0,"1647":0,"1650":1,"1652":0,"1655":0,"1658":0,"1661":0,"1662":0,"1664":0,"1668":1,"1669":1,"1671":1,"1672":0,"1675":1,"1677":0,"1679":0,"1682":0,"1683":0,"1685":0,"1690":1,"1691":1,"1693":1,"1694":0,"1697":1,"1699":0,"1701":0,"1704":0,"1707":0,"1708":0,"1709":0,"1711":0,"1712":0,"1717":1,"1718":1,"1720":1,"1721":0,"1724":1,"1725":0,"1727":0,"1730":1,"1732":0,"1734":0,"1735":0,"1738":0,"1739":0,"1742":0,"1743":0,"1744":0,"1745":0,"1750":1,"1751":1,"1753":1,"1754":0,"1757":1,"1758":0,"1760":0,"1763":1,"1765":0,"1768":0,"1769":0,"1772":0,"1773":0,"1776":0,"1777":0,"1778":0,"1780":0,"1784":1,"1785":1,"1787":1,"1788":0,"1791":1,"1792":0,"1794":0,"1797":1,"1799":0,"1802":0,"1803":0,"1804":0,"1805":0,"1809":0,"1810":0,"1813":0,"1814":0,"1815":0,"1817":0,"1822":1,"1823":0,"1825":0,"1828":1,"1830":0,"1832":0,"1835":0,"1838":0,"1839":0,"1840":0,"1841":0,"1846":1,"1848":1,"1849":0,"1852":1,"1853":0,"1855":0,"1858":1,"1860":1,"1862":0,"1864":0,"1866":0,"1867":0,"1868":0,"1869":0,"1870":0,"1871":0,"1873":0,"1878":0,"1879":0,"1882":0,"1883":0,"1885":0,"1886":0,"1890":0,"1891":0,"1893":0,"1894":0,"1899":1,"1900":1,"1902":1,"1903":0,"1906":1,"1907":0,"1909":0,"1912":1,"1914":0,"1916":0,"1920":0,"1921":0,"1922":0,"1923":0,"1924":0,"1925":0,"1926":0,"1927":0,"1928":0,"1932":0,"1933":0,"1936":0,"1937":0,"1939":0,"1940":0,"1941":0,"1943":0,"1944":0,"1945":0,"1946":0,"1947":0,"1948":0,"1949":0,"1950":0,"1951":0,"1956":0,"1957":0,"1959":0,"1960":0,"1962":0,"1967":0,"1968":0,"1969":0,"1973":0,"1974":0,"1975":0,"1976":0,"1977":0,"1978":0,"1983":1,"1984":1,"1986":1,"1987":0,"1993":0,"1996":1,"1998":0,"2000":0,"2003":0,"2004":0,"2005":0,"2006":0,"2007":0,"2008":0,"2009":0,"2010":0,"2014":0,"2015":0,"2018":0,"2019":0,"2021":0,"2022":0,"2023":0,"2025":0,"2026":0,"2028":0,"2029":0,"2034":0,"2035":0,"2037":0,"2038":0,"2040":0,"2045":0,"2046":0,"2047":0,"2049":0,"2050":0,"2051":0,"2052":0,"2054":0,"2055":0,"2061":1,"2062":1,"2064":1,"2065":0,"2069":0,"2072":1,"2074":0,"2076":0,"2079":0,"2082":0,"2083":0,"2087":1,"2088":1,"2090":1,"2091":0,"2094":1,"2095":0,"2097":0,"2100":1,"2102":0,"2104":0,"2107":0,"2110":0,"2111":0,"2112":0,"2117":1,"2118":1,"2120":1,"2121":0,"2124":1,"2125":0,"2127":0,"2130":1,"2134":1,"2135":1,"2137":1,"2138":0,"2141":1,"2145":1,"2146":1,"2148":1,"2149":0,"2152":1,"2156":1,"2157":1,"2159":1,"2160":0,"2163":1,"2165":0,"2167":0,"2170":0,"2173":0,"2174":0,"2175":0,"2179":1,"2180":1,"2182":1,"2183":0,"2186":1,"2188":0,"2191":0,"2192":0,"2193":0,"2196":0,"2199":0,"2200":0,"2201":0,"2206":1,"2207":1,"2209":1,"2210":0,"2212":0,"2215":1,"2217":0,"2220":0,"2221":0,"2222":0,"2225":0,"2228":0,"2229":0,"2230":0,"2234":0,"2235":0,"2236":0,"2237":0,"2241":0,"2242":0,"2244":0,"2248":1,"2249":1,"2251":1,"2252":0,"2255":1,"2256":0,"2260":0,"2263":1,"2265":0,"2268":0,"2269":0,"2270":0,"2273":0,"2276":0,"2277":0,"2278":0,"2282":0,"2283":0,"2284":0,"2288":0,"2289":0,"2291":0,"2295":1,"2296":1,"2298":1,"2299":0,"2303":0,"2306":1,"2308":0,"2310":0,"2314":0,"2315":0,"2316":0,"2317":0,"2318":0,"2319":0,"2321":0,"2324":0,"2325":0,"2328":0,"2329":0,"2330":0,"2334":0,"2335":0,"2336":0,"2337":0,"2338":0,"2342":0,"2343":0,"2345":0,"2348":0,"2349":0,"2352":0,"2353":0,"2354":0,"2356":0,"2360":1,"2361":1,"2363":1,"2364":0,"2368":0,"2371":1,"2372":0,"2374":0,"2375":0,"2378":0,"2379":0,"2384":1,"2386":0,"2388":0,"2391":0,"2394":0,"2395":0,"2399":0,"2403":1,"2404":1,"2406":1,"2407":0,"2410":1,"2412":0,"2414":0,"2415":0,"2418":0,"2419":0,"2422":0,"2426":1,"2427":1,"2429":1,"2430":0,"2433":1,"2434":0,"2437":1,"2438":0,"2440":0,"2442":0,"2443":0,"2445":0,"2446":0,"2449":0,"2450":0,"2452":0,"2454":0,"2456":0,"2457":0,"2458":0,"2462":0,"2463":0,"2467":1,"2474":0,"2475":0,"2478":0,"2479":0,"2480":0,"2481":0,"2485":0,"2486":0,"2490":0,"2491":0,"2492":0,"2494":0,"2495":0,"2498":0,"2499":0,"2500":0,"2503":0,"2506":0,"2507":0,"2508":0,"2509":0,"2512":0,"2513":0,"2515":0,"2516":0,"2517":0,"2518":0,"2523":0,"2524":0,"2525":0,"2526":0,"2527":0,"2531":1,"2532":0,"2535":1,"2536":0,"2539":1,"2540":0,"2542":0,"2550":0,"2552":0,"2553":0,"2554":0,"2555":0,"2556":0,"2557":0,"2558":0,"2560":0,"2561":0,"2563":0,"2564":0,"2568":1,"2573":0,"2574":0,"2575":0,"2577":0,"2578":0,"2579":0,"2580":0,"2581":0,"2586":0,"2588":0,"2589":0,"2593":0,"2594":0,"2598":0,"2601":0,"2619":0,"2620":0,"2621":0,"2623":0,"2629":0,"2630":0,"2631":0,"2632":0,"2633":0,"2634":0,"2635":0,"2639":0,"2643":0,"2645":0,"2646":0,"2648":0,"2649":0,"2652":0,"2655":0,"2656":0,"2660":0,"2662":0,"2663":0,"2665":0,"2666":0,"2667":0,"2671":0,"2672":0,"2673":0,"2674":0,"2678":0,"2679":0,"2680":0,"2683":0,"2684":0,"2686":0,"2687":0,"2688":0,"2689":0,"2690":0,"2691":0,"2692":0,"2695":0,"2698":0,"2701":0,"2702":0,"2703":0,"2707":0,"2708":0,"2712":0,"2713":0,"2715":0,"2716":0,"2720":0,"2724":0,"2725":0,"2726":0,"2727":0,"2728":0,"2732":1,"2733":0,"2734":0,"2735":0,"2738":1,"2743":0,"2744":0,"2749":1,"2750":0,"2753":1,"2754":0,"2756":0,"2757":0,"2758":0,"2759":0,"2760":0,"2761":0,"2762":0,"2766":1,"2771":0,"2772":0,"2773":0,"2775":0,"2779":0,"2780":0,"2781":0,"2782":0,"2783":0,"2784":0,"2785":0,"2787":0,"2790":0,"2794":0,"2795":0,"2797":0,"2801":0,"2802":0,"2806":0,"2807":0,"2808":0,"2809":0,"2813":1,"2814":0,"2817":1,"2818":0,"2819":0,"2823":1,"2824":0,"2827":1,"2832":0,"2833":0,"2836":0,"2837":0,"2841":1,"2842":0,"2844":0,"2845":0,"2846":0,"2847":0,"2848":0,"2849":0,"2850":0,"2854":1,"2856":0,"2857":0,"2858":0,"2862":0,"2863":0,"2864":0,"2868":0,"2873":0,"2874":0,"2875":0,"2877":0,"2878":0,"2881":0,"2882":0,"2885":0,"2886":0,"2887":0,"2889":0,"2894":0,"2895":0,"2899":0,"2900":0,"2901":0,"2902":0,"2906":1,"2907":0,"2910":1,"2915":0,"2916":0,"2917":0,"2918":0,"2920":0,"2921":0,"2924":0,"2925":0,"2928":0,"2929":0,"2930":0,"2932":0,"2938":1,"2939":10,"2940":0,"2942":0,"2943":0,"2944":0,"2945":0,"2946":0,"2947":0,"2948":0,"2950":0,"2951":0,"2953":0,"2957":1,"2958":10,"2962":0,"2965":0,"2968":0,"2971":0,"2974":0,"2978":0,"2980":0,"2982":0,"2984":0,"2988":0,"2990":0,"2992":0,"2994":0,"2995":0,"2999":0,"3000":0,"3001":0,"3002":0,"3006":0,"3007":0,"3009":0,"3010":0,"3014":0,"3015":0,"3017":0,"3020":0,"3021":0,"3022":0,"3023":0,"3024":0,"3025":0,"3026":0,"3031":1,"3032":5,"3033":5,"3034":5,"3037":1,"3038":5,"3039":5,"3040":5,"3043":1,"3045":0,"3046":0,"3050":0,"3051":0,"3056":1,"3057":1,"3059":1,"3060":0,"3063":1,"3064":0,"3067":1,"3068":0,"3069":0,"3071":0,"3074":1,"3076":0,"3077":0,"3081":0,"3082":0,"3087":1,"3088":1,"3090":1,"3091":0,"3094":1,"3096":0,"3100":1,"3101":1,"3103":1,"3104":0,"3107":1,"3109":0,"3113":0,"3114":0,"3117":0,"3120":0,"3121":0,"3122":0,"3126":0,"3127":0,"3129":0,"3132":0,"3133":0,"3134":0,"3138":0,"3141":0,"3144":0,"3145":0,"3150":1,"3151":1,"3153":1,"3154":0,"3157":1,"3159":0,"3165":0,"3166":0,"3167":0,"3170":0,"3173":0,"3174":0,"3175":0,"3179":0,"3180":0,"3182":0,"3185":0,"3186":0,"3187":0,"3191":0,"3192":0,"3196":0,"3197":0,"3201":0,"3205":1,"3206":1,"3208":1,"3209":0,"3212":1,"3213":0,"3215":1,"3216":0,"3219":1,"3220":0,"3221":0,"3222":0,"3223":0,"3226":1,"3228":0,"3230":0,"3233":0,"3236":0,"3237":0,"3238":0,"3239":0,"3241":0,"3246":1,"3247":1,"3249":1,"3250":0,"3253":1,"3254":0,"3256":0,"3259":1,"3261":0,"3263":0,"3266":0,"3269":0,"3270":0,"3271":0,"3272":0,"3274":0,"3279":1,"3280":1,"3282":1,"3283":0,"3286":1,"3287":0,"3289":0,"3292":1,"3294":0,"3295":0,"3299":1,"3300":1,"3302":1,"3303":0,"3306":1,"3307":0,"3310":1,"3311":0,"3314":1,"3315":0,"3318":1,"3319":1,"3321":1,"3322":0,"3325":1,"3326":0,"3329":1,"3330":0,"3333":1,"3334":0,"3337":1,"3338":0,"3341":1,"3342":0,"3345":1,"3346":0,"3349":1,"3350":0,"3353":1,"3354":0,"3357":1,"3358":0,"3361":1,"3362":0,"3365":1,"3366":0,"3369":1,"3370":0,"3373":1,"3374":0,"3377":1,"3378":0,"3381":1,"3382":0,"3385":1,"3386":0,"3389":1,"3390":0,"3393":1,"3394":0,"3397":1,"3398":0,"3401":1,"3402":0,"3405":1,"3406":0,"3409":1,"3410":0,"3413":1,"3414":0,"3417":1,"3418":0,"3421":1,"3422":0,"3425":1,"3426":0,"3429":1,"3430":0,"3433":1,"3434":0,"3437":1,"3438":0,"3441":1,"3442":0,"3445":1,"3446":0,"3449":1,"3450":0,"3452":1,"3453":0,"3455":1,"3456":0,"3458":1,"3459":0,"3461":1,"3462":0,"3465":1,"3466":0,"3469":1,"3470":0,"3473":1,"3474":0,"3477":1,"3478":0,"3481":1,"3482":0,"3485":1,"3486":0,"3489":1,"3490":0,"3496":1,"3497":1,"3498":0,"3501":1,"3502":0,"3503":0,"3504":0,"3508":1,"3509":0,"3510":0,"3513":1,"3514":0,"3515":0,"3518":1,"3519":0,"3520":0,"3523":1,"3524":0,"3525":0,"3531":1,"3536":1,"3538":1,"3539":1,"3540":1,"3541":1,"3542":1,"3543":1,"3544":1,"3545":1,"3546":1,"3547":1,"3548":1,"3549":1,"3550":1,"3551":1,"3552":1,"3553":1,"3554":1,"3555":1,"3556":1,"3557":1,"3558":1,"3559":1,"3560":1,"3561":1,"3562":1,"3563":1,"3564":1,"3565":1,"3567":1}},"/home/travis/build/npmtest/node-npmtest-kefir/node_modules/kefir/release.js":{"path":"/home/travis/build/npmtest/node-npmtest-kefir/node_modules/kefir/release.js","s":{"1":2,"2":0,"3":0,"4":0,"5":0,"6":0,"7":0,"8":0,"9":0,"10":0,"11":0,"12":0,"13":0,"14":0,"15":0,"16":0,"17":0,"18":0,"19":0,"20":0,"21":0,"22":1,"23":0,"24":0,"25":0,"26":0,"27":0,"28":0,"29":0,"30":0,"31":1,"32":0,"33":0,"34":0,"35":0,"36":0,"37":0,"38":0},"b":{"1":[0,0],"2":[0,0,0,0,0,0,0,0,0,0,0,0,0,0,0,0,0,0,0,0,0],"3":[0,0],"4":[0,0],"5":[0,0]},"f":{"1":0,"2":0,"3":0},"fnMap":{"1":{"name":"(anonymous_1)","line":37,"loc":{"start":{"line":37,"column":27},"end":{"line":37,"column":45}}},"2":{"name":"bumpVersion","line":75,"loc":{"start":{"line":75,"column":0},"end":{"line":75,"column":41}}},"3":{"name":"run","line":89,"loc":{"start":{"line":89,"column":0},"end":{"line":89,"column":22}}}},"statementMap":{"1":{"start":{"line":1,"column":0},"end":{"line":1,"column":35}},"2":{"start":{"line":2,"column":0},"end":{"line":2,"column":31}},"3":{"start":{"line":3,"column":0},"end":{"line":3,"column":31}},"4":{"start":{"line":4,"column":0},"end":{"line":4,"column":23}},"5":{"start":{"line":6,"column":0},"end":{"line":6,"column":36}},"6":{"start":{"line":7,"column":0},"end":{"line":7,"column":36}},"7":{"start":{"line":9,"column":0},"end":{"line":9,"column":16}},"8":{"start":{"line":10,"column":0},"end":{"line":10,"column":50}},"9":{"start":{"line":11,"column":0},"end":{"line":11,"column":80}},"10":{"start":{"line":12,"column":0},"end":{"line":12,"column":16}},"11":{"start":{"line":14,"column":0},"end":{"line":35,"column":2}},"12":{"start":{"line":37,"column":0},"end":{"line":73,"column":3}},"13":{"start":{"line":38,"column":2},"end":{"line":38,"column":35}},"14":{"start":{"line":39,"column":2},"end":{"line":39,"column":47}},"15":{"start":{"line":41,"column":2},"end":{"line":41,"column":43}},"16":{"start":{"line":43,"column":2},"end":{"line":43,"column":18}},"17":{"start":{"line":44,"column":2},"end":{"line":48,"column":3}},"18":{"start":{"line":45,"column":4},"end":{"line":45,"column":50}},"19":{"start":{"line":47,"column":4},"end":{"line":47,"column":41}},"20":{"start":{"line":49,"column":2},"end":{"line":49,"column":18}},"21":{"start":{"line":51,"column":2},"end":{"line":71,"column":26}},"22":{"start":{"line":75,"column":0},"end":{"line":87,"column":1}},"23":{"start":{"line":76,"column":2},"end":{"line":76,"column":73}},"24":{"start":{"line":77,"column":2},"end":{"line":85,"column":3}},"25":{"start":{"line":78,"column":4},"end":{"line":84,"column":5}},"26":{"start":{"line":79,"column":6},"end":{"line":79,"column":73}},"27":{"start":{"line":80,"column":6},"end":{"line":80,"column":28}},"28":{"start":{"line":82,"column":6},"end":{"line":82,"column":23}},"29":{"start":{"line":83,"column":6},"end":{"line":83,"column":19}},"30":{"start":{"line":86,"column":2},"end":{"line":86,"column":14}},"31":{"start":{"line":89,"column":0},"end":{"line":100,"column":1}},"32":{"start":{"line":90,"column":2},"end":{"line":90,"column":39}},"33":{"start":{"line":91,"column":2},"end":{"line":98,"column":3}},"34":{"start":{"line":92,"column":4},"end":{"line":97,"column":5}},"35":{"start":{"line":93,"column":6},"end":{"line":93,"column":28}},"36":{"start":{"line":95,"column":6},"end":{"line":95,"column":33}},"37":{"start":{"line":96,"column":6},"end":{"line":96,"column":19}},"38":{"start":{"line":99,"column":2},"end":{"line":99,"column":14}}},"branchMap":{"1":{"line":44,"type":"if","locations":[{"start":{"line":44,"column":2},"end":{"line":44,"column":2}},{"start":{"line":44,"column":2},"end":{"line":44,"column":2}}]},"2":{"line":51,"type":"binary-expr","locations":[{"start":{"line":51,"column":2},"end":{"line":51,"column":25}},{"start":{"line":52,"column":2},"end":{"line":52,"column":42}},{"start":{"line":53,"column":2},"end":{"line":53,"column":42}},{"start":{"line":54,"column":2},"end":{"line":54,"column":32}},{"start":{"line":55,"column":2},"end":{"line":55,"column":38}},{"start":{"line":56,"column":2},"end":{"line":56,"column":26}},{"start":{"line":57,"column":2},"end":{"line":57,"column":32}},{"start":{"line":58,"column":2},"end":{"line":58,"column":38}},{"start":{"line":59,"column":2},"end":{"line":59,"column":42}},{"start":{"line":60,"column":2},"end":{"line":60,"column":62}},{"start":{"line":61,"column":2},"end":{"line":61,"column":51}},{"start":{"line":62,"column":2},"end":{"line":62,"column":25}},{"start":{"line":63,"column":2},"end":{"line":63,"column":71}},{"start":{"line":64,"column":2},"end":{"line":64,"column":39}},{"start":{"line":65,"column":2},"end":{"line":65,"column":28}},{"start":{"line":66,"column":2},"end":{"line":66,"column":31}},{"start":{"line":67,"column":2},"end":{"line":67,"column":41}},{"start":{"line":68,"column":2},"end":{"line":68,"column":34}},{"start":{"line":69,"column":2},"end":{"line":69,"column":58}},{"start":{"line":70,"column":2},"end":{"line":70,"column":65}},{"start":{"line":71,"column":2},"end":{"line":71,"column":25}}]},"3":{"line":77,"type":"if","locations":[{"start":{"line":77,"column":2},"end":{"line":77,"column":2}},{"start":{"line":77,"column":2},"end":{"line":77,"column":2}}]},"4":{"line":91,"type":"if","locations":[{"start":{"line":91,"column":2},"end":{"line":91,"column":2}},{"start":{"line":91,"column":2},"end":{"line":91,"column":2}}]},"5":{"line":92,"type":"if","locations":[{"start":{"line":92,"column":4},"end":{"line":92,"column":4}},{"start":{"line":92,"column":4},"end":{"line":92,"column":4}}]}},"code":["var inquirer = require('inquirer');","var semver = require('semver');","var shell = require('shelljs');","var fs = require('fs');","","var pkg = require('./package.json');","var bower = require('./bower.json');","","console.log(\"\");","console.log(\"Wellcome to Kefir release utility!\");","console.log(\"----------------------------------------------------------------\");","console.log(\"\");","","var questions = [","  {","    type: \"list\",","    name: \"version\",","    message: \"Which version will it be? (current is \" + pkg.version + \")\",","    choices: [","      semver.inc(pkg.version, 'patch'),","      semver.inc(pkg.version, 'minor'),","      semver.inc(pkg.version, 'major'),","      semver.inc(pkg.version, 'premajor', 'rc')","    ]","  },","  {","    type: \"list\",","    name: \"dryRun\",","    message: \"Do you want to release, or just see what would happen if you do?\",","    choices: [","      'Just see',","      'Release!'","    ]","  }","];","","inquirer.prompt(questions, function(answers) {","  var newVerison = answers.version;","  var dryRun = (answers.dryRun === 'Just see');","","  bower.version = pkg.version = newVerison;","","  console.log('');","  if (dryRun) {","    console.log('Ok, here is what would happen:');","  } else {","    console.log('Doing actual release:');","  }","  console.log('');","","  run('npm test', dryRun) &&","  bumpVersion('package.json', pkg, dryRun) &&","  bumpVersion('bower.json', bower, dryRun) &&","  run('`npm bin`/grunt', dryRun) &&","  run('`npm bin`/grunt bower', dryRun) &&","  run('git add .', dryRun) &&","  run('git add -f dist', dryRun) &&","  run('git add -f index.html', dryRun) &&","  run('git add -f bower-packages', dryRun) &&","  run('git add -f test/in-browser/spec/KefirSpecs.js', dryRun) &&","  run('git commit -m \"' + newVerison + '\"', dryRun) &&","  run('git push', dryRun) &&","  run('git tag -a ' + newVerison + ' -m \"v' + newVerison + '\"', dryRun) &&","  run('git push origin --tags', dryRun) &&","  run('npm publish', dryRun) &&","  run('git rm -r dist', dryRun) &&","  run('git rm -r bower-packages', dryRun) &&","  run('git rm index.html', dryRun) &&","  run('git rm test/in-browser/spec/KefirSpecs.js', dryRun) &&","  run('git commit -m \"cleanup repository after release\"', dryRun) &&","  run('git push', dryRun);","","});","","function bumpVersion(fileName, obj, dry) {","  console.log('Bumping version in `' + fileName + '` to ' + obj.version);","  if (!dry) {","    try {","      fs.writeFileSync(fileName, JSON.stringify(obj, null, '  ') + '\\n');","      console.log('... ok');","    } catch(e) {","      console.error(e);","      return false;","    }","  }","  return true;","}","","function run(cmd, dry){","  console.log('Running `' + cmd + '`');","  if (!dry) {","    if (shell.exec(cmd, {silent:false}).code === 0){","      console.log('... ok');","    } else{","      console.error('... fail!');","      return false;","    }","  }","  return true;","}",""],"l":{"1":2,"2":0,"3":0,"4":0,"6":0,"7":0,"9":0,"10":0,"11":0,"12":0,"14":0,"37":0,"38":0,"39":0,"41":0,"43":0,"44":0,"45":0,"47":0,"49":0,"51":0,"75":1,"76":0,"77":0,"78":0,"79":0,"80":0,"82":0,"83":0,"86":0,"89":1,"90":0,"91":0,"92":0,"93":0,"95":0,"96":0,"99":0}}}